0 info it worked if it ends with ok
1 verbose cli [ '/usr/local/bin/node', '/usr/local/bin/npm', 'install' ]
2 info using npm@3.5.3
3 info using node@v5.4.1
4 silly loadCurrentTree Starting
5 silly install loadCurrentTree
6 silly install readLocalPackageData
7 silly install normalizeTree
8 silly loadCurrentTree Finishing
9 silly loadIdealTree Starting
10 silly install loadIdealTree
11 silly cloneCurrentTree Starting
12 silly install cloneCurrentTreeToIdealTree
13 silly cloneCurrentTree Finishing
14 silly loadShrinkwrap Starting
15 silly install loadShrinkwrap
16 silly loadShrinkwrap Finishing
17 silly loadAllDepsIntoIdealTree Starting
18 silly install loadAllDepsIntoIdealTree
19 silly fetchNamedPackageData bcrypt
20 silly mapToRegistry name bcrypt
21 silly mapToRegistry using default registry
22 silly mapToRegistry registry https://registry.npmjs.org/
23 silly mapToRegistry uri https://registry.npmjs.org/bcrypt
24 verbose request uri https://registry.npmjs.org/bcrypt
25 verbose request no auth needed
26 info attempt registry request try #1 at 8:52:24 PM
27 verbose request id f94c009618f0ac5a
28 verbose etag "EHDGNY4HJXONALKXXNRU39WNO"
29 http request GET https://registry.npmjs.org/bcrypt
30 http 304 https://registry.npmjs.org/bcrypt
31 verbose headers { date: 'Fri, 15 Jan 2016 04:52:31 GMT',
31 verbose headers   via: '1.1 varnish',
31 verbose headers   'cache-control': 'max-age=300',
31 verbose headers   etag: '"EHDGNY4HJXONALKXXNRU39WNO"',
31 verbose headers   age: '0',
31 verbose headers   connection: 'keep-alive',
31 verbose headers   'x-served-by': 'cache-ord1724-ORD',
31 verbose headers   'x-cache': 'HIT',
31 verbose headers   'x-cache-hits': '1',
31 verbose headers   'x-timer': 'S1452833551.153569,VS0,VE295',
31 verbose headers   vary: 'Accept' }
32 silly get cb [ 304,
32 silly get   { date: 'Fri, 15 Jan 2016 04:52:31 GMT',
32 silly get     via: '1.1 varnish',
32 silly get     'cache-control': 'max-age=300',
32 silly get     etag: '"EHDGNY4HJXONALKXXNRU39WNO"',
32 silly get     age: '0',
32 silly get     connection: 'keep-alive',
32 silly get     'x-served-by': 'cache-ord1724-ORD',
32 silly get     'x-cache': 'HIT',
32 silly get     'x-cache-hits': '1',
32 silly get     'x-timer': 'S1452833551.153569,VS0,VE295',
32 silly get     vary: 'Accept' } ]
33 verbose etag https://registry.npmjs.org/bcrypt from cache
34 verbose get saving bcrypt to /Users/Sierra Hotel/.npm/registry.npmjs.org/bcrypt/.cache.json
35 silly resolveWithNewModule bcrypt@0.8.5 checking installable status
36 silly cache add args [ 'bcrypt@^0.8.5', null ]
37 verbose cache add spec bcrypt@^0.8.5
38 silly cache add parsed spec Result {
38 silly cache add   raw: 'bcrypt@^0.8.5',
38 silly cache add   scope: null,
38 silly cache add   name: 'bcrypt',
38 silly cache add   rawSpec: '^0.8.5',
38 silly cache add   spec: '>=0.8.5 <0.9.0',
38 silly cache add   type: 'range' }
39 silly addNamed bcrypt@>=0.8.5 <0.9.0
40 verbose addNamed ">=0.8.5 <0.9.0" is a valid semver range for bcrypt
41 silly addNameRange { name: 'bcrypt', range: '>=0.8.5 <0.9.0', hasData: false }
42 silly mapToRegistry name bcrypt
43 silly mapToRegistry using default registry
44 silly mapToRegistry registry https://registry.npmjs.org/
45 silly mapToRegistry uri https://registry.npmjs.org/bcrypt
46 verbose addNameRange registry:https://registry.npmjs.org/bcrypt not in flight; fetching
47 verbose get https://registry.npmjs.org/bcrypt not expired, no request
48 silly addNameRange number 2 { name: 'bcrypt', range: '>=0.8.5 <0.9.0', hasData: true }
49 silly addNameRange versions [ 'bcrypt',
49 silly addNameRange   [ '0.1.2',
49 silly addNameRange     '0.2.0',
49 silly addNameRange     '0.2.1',
49 silly addNameRange     '0.1.3',
49 silly addNameRange     '0.2.2',
49 silly addNameRange     '0.2.3',
49 silly addNameRange     '0.2.4',
49 silly addNameRange     '0.3.0',
49 silly addNameRange     '0.3.1',
49 silly addNameRange     '0.3.2',
49 silly addNameRange     '0.4.0',
49 silly addNameRange     '0.4.1',
49 silly addNameRange     '0.5.0',
49 silly addNameRange     '0.6.0',
49 silly addNameRange     '0.7.0',
49 silly addNameRange     '0.7.1',
49 silly addNameRange     '0.7.2',
49 silly addNameRange     '0.7.3',
49 silly addNameRange     '0.7.4',
49 silly addNameRange     '0.7.5',
49 silly addNameRange     '0.7.6',
49 silly addNameRange     '0.7.7',
49 silly addNameRange     '0.7.8',
49 silly addNameRange     '0.8.0',
49 silly addNameRange     '0.8.1',
49 silly addNameRange     '0.8.2',
49 silly addNameRange     '0.8.3',
49 silly addNameRange     '0.8.4',
49 silly addNameRange     '0.8.5' ] ]
50 silly addNamed bcrypt@0.8.5
51 verbose addNamed "0.8.5" is a plain semver version for bcrypt
52 silly cache afterAdd bcrypt@0.8.5
53 verbose afterAdd /Users/Sierra Hotel/.npm/bcrypt/0.8.5/package/package.json not in flight; writing
54 verbose afterAdd /Users/Sierra Hotel/.npm/bcrypt/0.8.5/package/package.json written
55 silly fetchNamedPackageData bindings
56 silly mapToRegistry name bindings
57 silly mapToRegistry using default registry
58 silly mapToRegistry registry https://registry.npmjs.org/
59 silly mapToRegistry uri https://registry.npmjs.org/bindings
60 silly fetchNamedPackageData nan
61 silly mapToRegistry name nan
62 silly mapToRegistry using default registry
63 silly mapToRegistry registry https://registry.npmjs.org/
64 silly mapToRegistry uri https://registry.npmjs.org/nan
65 verbose request uri https://registry.npmjs.org/bindings
66 verbose request no auth needed
67 info attempt registry request try #1 at 8:52:31 PM
68 verbose etag "1LLBF9OH58DLBEL4629U6032D"
69 http request GET https://registry.npmjs.org/bindings
70 verbose request uri https://registry.npmjs.org/nan
71 verbose request no auth needed
72 info attempt registry request try #1 at 8:52:31 PM
73 verbose etag "798MRG5PQ3TIGV0CLUOSQMVAG"
74 http request GET https://registry.npmjs.org/nan
75 http 304 https://registry.npmjs.org/bindings
76 verbose headers { date: 'Fri, 15 Jan 2016 04:52:31 GMT',
76 verbose headers   via: '1.1 varnish',
76 verbose headers   'cache-control': 'max-age=300',
76 verbose headers   etag: '"1LLBF9OH58DLBEL4629U6032D"',
76 verbose headers   age: '201',
76 verbose headers   connection: 'keep-alive',
76 verbose headers   'x-served-by': 'cache-ord1732-ORD',
76 verbose headers   'x-cache': 'HIT',
76 verbose headers   'x-cache-hits': '2',
76 verbose headers   'x-timer': 'S1452833551.812749,VS0,VE0',
76 verbose headers   vary: 'Accept' }
77 silly get cb [ 304,
77 silly get   { date: 'Fri, 15 Jan 2016 04:52:31 GMT',
77 silly get     via: '1.1 varnish',
77 silly get     'cache-control': 'max-age=300',
77 silly get     etag: '"1LLBF9OH58DLBEL4629U6032D"',
77 silly get     age: '201',
77 silly get     connection: 'keep-alive',
77 silly get     'x-served-by': 'cache-ord1732-ORD',
77 silly get     'x-cache': 'HIT',
77 silly get     'x-cache-hits': '2',
77 silly get     'x-timer': 'S1452833551.812749,VS0,VE0',
77 silly get     vary: 'Accept' } ]
78 verbose etag https://registry.npmjs.org/bindings from cache
79 verbose get saving bindings to /Users/Sierra Hotel/.npm/registry.npmjs.org/bindings/.cache.json
80 silly resolveWithNewModule bindings@1.2.1 checking installable status
81 silly cache add args [ 'bindings@1.2.1', null ]
82 verbose cache add spec bindings@1.2.1
83 silly cache add parsed spec Result {
83 silly cache add   raw: 'bindings@1.2.1',
83 silly cache add   scope: null,
83 silly cache add   name: 'bindings',
83 silly cache add   rawSpec: '1.2.1',
83 silly cache add   spec: '1.2.1',
83 silly cache add   type: 'version' }
84 silly addNamed bindings@1.2.1
85 verbose addNamed "1.2.1" is a plain semver version for bindings
86 silly mapToRegistry name bindings
87 silly mapToRegistry using default registry
88 silly mapToRegistry registry https://registry.npmjs.org/
89 silly mapToRegistry uri https://registry.npmjs.org/bindings
90 verbose addNameVersion registry:https://registry.npmjs.org/bindings not in flight; fetching
91 verbose get https://registry.npmjs.org/bindings not expired, no request
92 silly cache afterAdd bindings@1.2.1
93 verbose afterAdd /Users/Sierra Hotel/.npm/bindings/1.2.1/package/package.json not in flight; writing
94 verbose afterAdd /Users/Sierra Hotel/.npm/bindings/1.2.1/package/package.json written
95 http 304 https://registry.npmjs.org/nan
96 verbose headers { date: 'Fri, 15 Jan 2016 04:52:31 GMT',
96 verbose headers   via: '1.1 varnish',
96 verbose headers   'cache-control': 'max-age=300',
96 verbose headers   etag: '"798MRG5PQ3TIGV0CLUOSQMVAG"',
96 verbose headers   age: '243',
96 verbose headers   connection: 'keep-alive',
96 verbose headers   'x-served-by': 'cache-ord1729-ORD',
96 verbose headers   'x-cache': 'HIT',
96 verbose headers   'x-cache-hits': '4',
96 verbose headers   'x-timer': 'S1452833551.866762,VS0,VE0',
96 verbose headers   vary: 'Accept' }
97 silly get cb [ 304,
97 silly get   { date: 'Fri, 15 Jan 2016 04:52:31 GMT',
97 silly get     via: '1.1 varnish',
97 silly get     'cache-control': 'max-age=300',
97 silly get     etag: '"798MRG5PQ3TIGV0CLUOSQMVAG"',
97 silly get     age: '243',
97 silly get     connection: 'keep-alive',
97 silly get     'x-served-by': 'cache-ord1729-ORD',
97 silly get     'x-cache': 'HIT',
97 silly get     'x-cache-hits': '4',
97 silly get     'x-timer': 'S1452833551.866762,VS0,VE0',
97 silly get     vary: 'Accept' } ]
98 verbose etag https://registry.npmjs.org/nan from cache
99 verbose get saving nan to /Users/Sierra Hotel/.npm/registry.npmjs.org/nan/.cache.json
100 silly resolveWithNewModule nan@2.0.5 checking installable status
101 silly cache add args [ 'nan@2.0.5', null ]
102 verbose cache add spec nan@2.0.5
103 silly cache add parsed spec Result {
103 silly cache add   raw: 'nan@2.0.5',
103 silly cache add   scope: null,
103 silly cache add   name: 'nan',
103 silly cache add   rawSpec: '2.0.5',
103 silly cache add   spec: '2.0.5',
103 silly cache add   type: 'version' }
104 silly addNamed nan@2.0.5
105 verbose addNamed "2.0.5" is a plain semver version for nan
106 silly mapToRegistry name nan
107 silly mapToRegistry using default registry
108 silly mapToRegistry registry https://registry.npmjs.org/
109 silly mapToRegistry uri https://registry.npmjs.org/nan
110 verbose addNameVersion registry:https://registry.npmjs.org/nan not in flight; fetching
111 verbose get https://registry.npmjs.org/nan not expired, no request
112 silly cache afterAdd nan@2.0.5
113 verbose afterAdd /Users/Sierra Hotel/.npm/nan/2.0.5/package/package.json not in flight; writing
114 verbose afterAdd /Users/Sierra Hotel/.npm/nan/2.0.5/package/package.json written
115 silly loadAllDepsIntoIdealTree Finishing
116 silly idealTree:prePrune module2@0.0.0
116 silly idealTree:prePrune ├── bcrypt@0.8.5
116 silly idealTree:prePrune ├── bindings@1.2.1
116 silly idealTree:prePrune ├─┬ body-parser@1.13.3
116 silly idealTree:prePrune │ ├── bytes@2.1.0
116 silly idealTree:prePrune │ ├── content-type@1.0.1
116 silly idealTree:prePrune │ ├── depd@1.0.1
116 silly idealTree:prePrune │ ├─┬ http-errors@1.3.1
116 silly idealTree:prePrune │ │ ├── inherits@2.0.1
116 silly idealTree:prePrune │ │ └── statuses@1.2.1
116 silly idealTree:prePrune │ ├── iconv-lite@0.4.11
116 silly idealTree:prePrune │ ├─┬ on-finished@2.3.0
116 silly idealTree:prePrune │ │ └── ee-first@1.1.1
116 silly idealTree:prePrune │ ├── qs@4.0.0
116 silly idealTree:prePrune │ ├─┬ raw-body@2.1.5
116 silly idealTree:prePrune │ │ ├── bytes@2.2.0
116 silly idealTree:prePrune │ │ ├── iconv-lite@0.4.13
116 silly idealTree:prePrune │ │ └── unpipe@1.0.0
116 silly idealTree:prePrune │ └─┬ type-is@1.6.10
116 silly idealTree:prePrune │   ├── media-typer@0.3.0
116 silly idealTree:prePrune │   └─┬ mime-types@2.1.9
116 silly idealTree:prePrune │     └── mime-db@1.21.0
116 silly idealTree:prePrune ├─┬ connect-form@0.2.1
116 silly idealTree:prePrune │ └── formidable@1.0.17
116 silly idealTree:prePrune ├─┬ cookie-parser@1.3.5
116 silly idealTree:prePrune │ ├── cookie-signature@1.0.6
116 silly idealTree:prePrune │ └── cookie@0.1.3
116 silly idealTree:prePrune ├─┬ cookie-session@1.2.0
116 silly idealTree:prePrune │ ├─┬ cookies@0.5.0
116 silly idealTree:prePrune │ │ └── keygrip@1.0.1
116 silly idealTree:prePrune │ └── on-headers@1.0.1
116 silly idealTree:prePrune ├─┬ darwin@0.0.5
116 silly idealTree:prePrune │ ├── dna-js@0.0.3
116 silly idealTree:prePrune │ ├─┬ fs-extra@0.13.0
116 silly idealTree:prePrune │ │ ├── jsonfile@2.2.3
116 silly idealTree:prePrune │ │ ├── ncp@1.0.1
116 silly idealTree:prePrune │ │ └─┬ rimraf@2.5.0
116 silly idealTree:prePrune │ │   └─┬ glob@6.0.4
116 silly idealTree:prePrune │ │     ├─┬ inflight@1.0.4
116 silly idealTree:prePrune │ │     │ └── wrappy@1.0.1
116 silly idealTree:prePrune │ │     ├── inherits@2.0.1
116 silly idealTree:prePrune │ │     ├─┬ minimatch@3.0.0
116 silly idealTree:prePrune │ │     │ └─┬ brace-expansion@1.1.2
116 silly idealTree:prePrune │ │     │   ├── balanced-match@0.3.0
116 silly idealTree:prePrune │ │     │   └── concat-map@0.0.1
116 silly idealTree:prePrune │ │     ├─┬ once@1.3.3
116 silly idealTree:prePrune │ │     │ └── wrappy@1.0.1
116 silly idealTree:prePrune │ │     └── path-is-absolute@1.0.0
116 silly idealTree:prePrune │ └─┬ globby@1.2.0
116 silly idealTree:prePrune │   ├─┬ array-union@1.0.1
116 silly idealTree:prePrune │   │ └── array-uniq@1.0.2
116 silly idealTree:prePrune │   ├── async@0.9.2
116 silly idealTree:prePrune │   ├─┬ glob@4.5.3
116 silly idealTree:prePrune │   │ ├─┬ inflight@1.0.4
116 silly idealTree:prePrune │   │ │ └── wrappy@1.0.1
116 silly idealTree:prePrune │   │ ├── inherits@2.0.1
116 silly idealTree:prePrune │   │ ├─┬ minimatch@2.0.10
116 silly idealTree:prePrune │   │ │ └─┬ brace-expansion@1.1.2
116 silly idealTree:prePrune │   │ │   ├── balanced-match@0.3.0
116 silly idealTree:prePrune │   │ │   └── concat-map@0.0.1
116 silly idealTree:prePrune │   │ └─┬ once@1.3.3
116 silly idealTree:prePrune │   │   └── wrappy@1.0.1
116 silly idealTree:prePrune │   └── object-assign@2.1.1
116 silly idealTree:prePrune ├─┬ debug@2.2.0
116 silly idealTree:prePrune │ └── ms@0.7.1
116 silly idealTree:prePrune ├── dotenv@1.2.0
116 silly idealTree:prePrune ├── ejs@2.3.4
116 silly idealTree:prePrune ├─┬ express@4.13.3
116 silly idealTree:prePrune │ ├─┬ accepts@1.2.13
116 silly idealTree:prePrune │ │ ├─┬ mime-types@2.1.9
116 silly idealTree:prePrune │ │ │ └── mime-db@1.21.0
116 silly idealTree:prePrune │ │ └── negotiator@0.5.3
116 silly idealTree:prePrune │ ├── array-flatten@1.1.1
116 silly idealTree:prePrune │ ├── content-disposition@0.5.0
116 silly idealTree:prePrune │ ├── content-type@1.0.1
116 silly idealTree:prePrune │ ├── cookie-signature@1.0.6
116 silly idealTree:prePrune │ ├── cookie@0.1.3
116 silly idealTree:prePrune │ ├── depd@1.0.1
116 silly idealTree:prePrune │ ├── escape-html@1.0.2
116 silly idealTree:prePrune │ ├── etag@1.7.0
116 silly idealTree:prePrune │ ├─┬ finalhandler@0.4.0
116 silly idealTree:prePrune │ │ └── unpipe@1.0.0
116 silly idealTree:prePrune │ ├── fresh@0.3.0
116 silly idealTree:prePrune │ ├── merge-descriptors@1.0.0
116 silly idealTree:prePrune │ ├── methods@1.1.1
116 silly idealTree:prePrune │ ├─┬ on-finished@2.3.0
116 silly idealTree:prePrune │ │ └── ee-first@1.1.1
116 silly idealTree:prePrune │ ├── parseurl@1.3.0
116 silly idealTree:prePrune │ ├── path-to-regexp@0.1.7
116 silly idealTree:prePrune │ ├─┬ proxy-addr@1.0.10
116 silly idealTree:prePrune │ │ ├── forwarded@0.1.0
116 silly idealTree:prePrune │ │ └── ipaddr.js@1.0.5
116 silly idealTree:prePrune │ ├── qs@4.0.0
116 silly idealTree:prePrune │ ├── range-parser@1.0.3
116 silly idealTree:prePrune │ ├─┬ send@0.13.0
116 silly idealTree:prePrune │ │ ├── destroy@1.0.3
116 silly idealTree:prePrune │ │ ├─┬ http-errors@1.3.1
116 silly idealTree:prePrune │ │ │ └── inherits@2.0.1
116 silly idealTree:prePrune │ │ ├── mime@1.3.4
116 silly idealTree:prePrune │ │ ├── ms@0.7.1
116 silly idealTree:prePrune │ │ └── statuses@1.2.1
116 silly idealTree:prePrune │ ├── serve-static@1.10.0
116 silly idealTree:prePrune │ ├─┬ type-is@1.6.10
116 silly idealTree:prePrune │ │ ├── media-typer@0.3.0
116 silly idealTree:prePrune │ │ └─┬ mime-types@2.1.9
116 silly idealTree:prePrune │ │   └── mime-db@1.21.0
116 silly idealTree:prePrune │ ├── utils-merge@1.0.0
116 silly idealTree:prePrune │ └── vary@1.0.1
116 silly idealTree:prePrune ├─┬ imgur-uploader@3.0.0
116 silly idealTree:prePrune │ ├─┬ concat-stream@1.5.1
116 silly idealTree:prePrune │ │ ├── inherits@2.0.1
116 silly idealTree:prePrune │ │ ├─┬ readable-stream@2.0.5
116 silly idealTree:prePrune │ │ │ ├── core-util-is@1.0.2
116 silly idealTree:prePrune │ │ │ ├── isarray@0.0.1
116 silly idealTree:prePrune │ │ │ ├── process-nextick-args@1.0.6
116 silly idealTree:prePrune │ │ │ ├── string_decoder@0.10.31
116 silly idealTree:prePrune │ │ │ └── util-deprecate@1.0.2
116 silly idealTree:prePrune │ │ └── typedarray@0.0.6
116 silly idealTree:prePrune │ ├─┬ condense-keys@1.1.0
116 silly idealTree:prePrune │ │ ├── is-obj@1.0.0
116 silly idealTree:prePrune │ │ └── object-assign@2.1.1
116 silly idealTree:prePrune │ └─┬ got@5.3.1
116 silly idealTree:prePrune │   ├─┬ create-error-class@2.0.1
116 silly idealTree:prePrune │   │ ├── capture-stack-trace@1.0.0
116 silly idealTree:prePrune │   │ └── inherits@2.0.1
116 silly idealTree:prePrune │   ├── duplexer2@0.1.4
116 silly idealTree:prePrune │   ├── is-plain-obj@1.1.0
116 silly idealTree:prePrune │   ├── is-redirect@1.0.0
116 silly idealTree:prePrune │   ├── is-stream@1.0.1
116 silly idealTree:prePrune │   ├── lowercase-keys@1.0.0
116 silly idealTree:prePrune │   ├── node-status-codes@1.0.0
116 silly idealTree:prePrune │   ├── object-assign@4.0.1
116 silly idealTree:prePrune │   ├─┬ parse-json@2.2.0
116 silly idealTree:prePrune │   │ └─┬ error-ex@1.3.0
116 silly idealTree:prePrune │   │   └── is-arrayish@0.2.1
116 silly idealTree:prePrune │   ├─┬ pinkie-promise@2.0.0
116 silly idealTree:prePrune │   │ └── pinkie@2.0.1
116 silly idealTree:prePrune │   ├─┬ read-all-stream@3.0.1
116 silly idealTree:prePrune │   │ └─┬ pinkie-promise@1.0.0
116 silly idealTree:prePrune │   │   └── pinkie@1.0.0
116 silly idealTree:prePrune │   ├─┬ readable-stream@2.0.5
116 silly idealTree:prePrune │   │ ├── core-util-is@1.0.2
116 silly idealTree:prePrune │   │ ├── inherits@2.0.1
116 silly idealTree:prePrune │   │ ├── isarray@0.0.1
116 silly idealTree:prePrune │   │ ├── process-nextick-args@1.0.6
116 silly idealTree:prePrune │   │ ├── string_decoder@0.10.31
116 silly idealTree:prePrune │   │ └── util-deprecate@1.0.2
116 silly idealTree:prePrune │   ├── timed-out@2.0.0
116 silly idealTree:prePrune │   ├── unzip-response@1.0.0
116 silly idealTree:prePrune │   └─┬ url-parse-lax@1.0.0
116 silly idealTree:prePrune │     └── prepend-http@1.0.3
116 silly idealTree:prePrune ├─┬ imgur@0.1.7
116 silly idealTree:prePrune │ ├─┬ commander@2.9.0
116 silly idealTree:prePrune │ │ └── graceful-readlink@1.0.1
116 silly idealTree:prePrune │ ├─┬ glob@4.5.3
116 silly idealTree:prePrune │ │ ├─┬ inflight@1.0.4
116 silly idealTree:prePrune │ │ │ └── wrappy@1.0.1
116 silly idealTree:prePrune │ │ ├── inherits@2.0.1
116 silly idealTree:prePrune │ │ ├─┬ minimatch@2.0.10
116 silly idealTree:prePrune │ │ │ └─┬ brace-expansion@1.1.2
116 silly idealTree:prePrune │ │ │   ├── balanced-match@0.3.0
116 silly idealTree:prePrune │ │ │   └── concat-map@0.0.1
116 silly idealTree:prePrune │ │ └─┬ once@1.3.3
116 silly idealTree:prePrune │ │   └── wrappy@1.0.1
116 silly idealTree:prePrune │ ├── q@1.4.1
116 silly idealTree:prePrune │ └─┬ request@2.67.0
116 silly idealTree:prePrune │   ├── aws-sign2@0.6.0
116 silly idealTree:prePrune │   ├─┬ bl@1.0.0
116 silly idealTree:prePrune │   │ └─┬ readable-stream@2.0.5
116 silly idealTree:prePrune │   │   ├── core-util-is@1.0.2
116 silly idealTree:prePrune │   │   ├── inherits@2.0.1
116 silly idealTree:prePrune │   │   ├── isarray@0.0.1
116 silly idealTree:prePrune │   │   ├── process-nextick-args@1.0.6
116 silly idealTree:prePrune │   │   ├── string_decoder@0.10.31
116 silly idealTree:prePrune │   │   └── util-deprecate@1.0.2
116 silly idealTree:prePrune │   ├── caseless@0.11.0
116 silly idealTree:prePrune │   ├─┬ combined-stream@1.0.5
116 silly idealTree:prePrune │   │ └── delayed-stream@1.0.0
116 silly idealTree:prePrune │   ├── extend@3.0.0
116 silly idealTree:prePrune │   ├── forever-agent@0.6.1
116 silly idealTree:prePrune │   ├─┬ form-data@1.0.0-rc3
116 silly idealTree:prePrune │   │ └── async@1.5.2
116 silly idealTree:prePrune │   ├─┬ har-validator@2.0.3
116 silly idealTree:prePrune │   │ ├─┬ chalk@1.1.1
116 silly idealTree:prePrune │   │ │ ├── ansi-styles@2.1.0
116 silly idealTree:prePrune │   │ │ ├── escape-string-regexp@1.0.4
116 silly idealTree:prePrune │   │ │ ├─┬ has-ansi@2.0.0
116 silly idealTree:prePrune │   │ │ │ └── ansi-regex@2.0.0
116 silly idealTree:prePrune │   │ │ ├─┬ strip-ansi@3.0.0
116 silly idealTree:prePrune │   │ │ │ └── ansi-regex@2.0.0
116 silly idealTree:prePrune │   │ │ └── supports-color@2.0.0
116 silly idealTree:prePrune │   │ ├─┬ is-my-json-valid@2.12.3
116 silly idealTree:prePrune │   │ │ ├── generate-function@2.0.0
116 silly idealTree:prePrune │   │ │ ├─┬ generate-object-property@1.2.0
116 silly idealTree:prePrune │   │ │ │ └── is-property@1.0.2
116 silly idealTree:prePrune │   │ │ ├── jsonpointer@2.0.0
116 silly idealTree:prePrune │   │ │ └── xtend@4.0.1
116 silly idealTree:prePrune │   │ └─┬ pinkie-promise@2.0.0
116 silly idealTree:prePrune │   │   └── pinkie@2.0.1
116 silly idealTree:prePrune │   ├─┬ hawk@3.1.2
116 silly idealTree:prePrune │   │ ├── boom@2.10.1
116 silly idealTree:prePrune │   │ ├── cryptiles@2.0.5
116 silly idealTree:prePrune │   │ ├── hoek@2.16.3
116 silly idealTree:prePrune │   │ └── sntp@1.0.9
116 silly idealTree:prePrune │   ├─┬ http-signature@1.1.0
116 silly idealTree:prePrune │   │ ├── assert-plus@0.1.5
116 silly idealTree:prePrune │   │ ├─┬ jsprim@1.2.2
116 silly idealTree:prePrune │   │ │ ├── extsprintf@1.0.2
116 silly idealTree:prePrune │   │ │ ├── json-schema@0.2.2
116 silly idealTree:prePrune │   │ │ └── verror@1.3.6
116 silly idealTree:prePrune │   │ └─┬ sshpk@1.7.3
116 silly idealTree:prePrune │   │   ├── asn1@0.2.3
116 silly idealTree:prePrune │   │   ├── assert-plus@0.2.0
116 silly idealTree:prePrune │   │   ├─┬ dashdash@1.12.1
116 silly idealTree:prePrune │   │   │ └── assert-plus@0.1.5
116 silly idealTree:prePrune │   │   ├── ecc-jsbn@0.1.1
116 silly idealTree:prePrune │   │   ├── jodid25519@1.0.2
116 silly idealTree:prePrune │   │   ├── jsbn@0.1.0
116 silly idealTree:prePrune │   │   └── tweetnacl@0.13.3
116 silly idealTree:prePrune │   ├── is-typedarray@1.0.0
116 silly idealTree:prePrune │   ├── isstream@0.1.2
116 silly idealTree:prePrune │   ├── json-stringify-safe@5.0.1
116 silly idealTree:prePrune │   ├─┬ mime-types@2.1.9
116 silly idealTree:prePrune │   │ └── mime-db@1.21.0
116 silly idealTree:prePrune │   ├── node-uuid@1.4.7
116 silly idealTree:prePrune │   ├── oauth-sign@0.8.0
116 silly idealTree:prePrune │   ├── qs@5.2.0
116 silly idealTree:prePrune │   ├── stringstream@0.0.5
116 silly idealTree:prePrune │   ├── tough-cookie@2.2.1
116 silly idealTree:prePrune │   └── tunnel-agent@0.4.2
116 silly idealTree:prePrune ├─┬ knex@0.9.0
116 silly idealTree:prePrune │ ├── bluebird@2.10.2
116 silly idealTree:prePrune │ ├─┬ chalk@1.1.1
116 silly idealTree:prePrune │ │ ├── ansi-styles@2.1.0
116 silly idealTree:prePrune │ │ ├── escape-string-regexp@1.0.4
116 silly idealTree:prePrune │ │ ├─┬ has-ansi@2.0.0
116 silly idealTree:prePrune │ │ │ └── ansi-regex@2.0.0
116 silly idealTree:prePrune │ │ ├─┬ strip-ansi@3.0.0
116 silly idealTree:prePrune │ │ │ └── ansi-regex@2.0.0
116 silly idealTree:prePrune │ │ └── supports-color@2.0.0
116 silly idealTree:prePrune │ ├─┬ commander@2.9.0
116 silly idealTree:prePrune │ │ └── graceful-readlink@1.0.1
116 silly idealTree:prePrune │ ├── inherits@2.0.1
116 silly idealTree:prePrune │ ├── interpret@0.6.6
116 silly idealTree:prePrune │ ├─┬ liftoff@2.0.3
116 silly idealTree:prePrune │ │ ├── extend@2.0.1
116 silly idealTree:prePrune │ │ ├─┬ findup-sync@0.2.1
116 silly idealTree:prePrune │ │ │ └─┬ glob@4.3.5
116 silly idealTree:prePrune │ │ │   ├─┬ inflight@1.0.4
116 silly idealTree:prePrune │ │ │   │ └── wrappy@1.0.1
116 silly idealTree:prePrune │ │ │   ├─┬ minimatch@2.0.10
116 silly idealTree:prePrune │ │ │   │ └─┬ brace-expansion@1.1.2
116 silly idealTree:prePrune │ │ │   │   ├── balanced-match@0.3.0
116 silly idealTree:prePrune │ │ │   │   └── concat-map@0.0.1
116 silly idealTree:prePrune │ │ │   └─┬ once@1.3.3
116 silly idealTree:prePrune │ │ │     └── wrappy@1.0.1
116 silly idealTree:prePrune │ │ ├── flagged-respawn@0.3.1
116 silly idealTree:prePrune │ │ └── resolve@1.1.6
116 silly idealTree:prePrune │ ├── lodash@3.10.1
116 silly idealTree:prePrune │ ├── minimist@1.1.3
116 silly idealTree:prePrune │ ├─┬ mkdirp@0.5.1
116 silly idealTree:prePrune │ │ └── minimist@0.0.8
116 silly idealTree:prePrune │ ├── pg-connection-string@0.1.3
116 silly idealTree:prePrune │ ├─┬ pool2@1.3.0
116 silly idealTree:prePrune │ │ ├── double-ended-queue@2.1.0-0
116 silly idealTree:prePrune │ │ ├── hashmap@2.0.4
116 silly idealTree:prePrune │ │ └── simple-backoff@1.0.0
116 silly idealTree:prePrune │ ├─┬ readable-stream@1.1.13
116 silly idealTree:prePrune │ │ ├── core-util-is@1.0.2
116 silly idealTree:prePrune │ │ ├── isarray@0.0.1
116 silly idealTree:prePrune │ │ └── string_decoder@0.10.31
116 silly idealTree:prePrune │ ├─┬ tildify@1.0.0
116 silly idealTree:prePrune │ │ └── user-home@1.1.1
116 silly idealTree:prePrune │ └─┬ v8flags@2.0.11
116 silly idealTree:prePrune │   └── user-home@1.1.1
116 silly idealTree:prePrune ├─┬ morgan@1.6.1
116 silly idealTree:prePrune │ ├── basic-auth@1.0.3
116 silly idealTree:prePrune │ ├── depd@1.0.1
116 silly idealTree:prePrune │ ├─┬ on-finished@2.3.0
116 silly idealTree:prePrune │ │ └── ee-first@1.1.1
116 silly idealTree:prePrune │ └── on-headers@1.0.1
116 silly idealTree:prePrune ├─┬ multer@1.1.0
116 silly idealTree:prePrune │ ├── append-field@0.1.0
116 silly idealTree:prePrune │ ├─┬ busboy@0.2.12
116 silly idealTree:prePrune │ │ ├─┬ dicer@0.2.5
116 silly idealTree:prePrune │ │ │ └── streamsearch@0.1.2
116 silly idealTree:prePrune │ │ └─┬ readable-stream@1.1.13
116 silly idealTree:prePrune │ │   ├── core-util-is@1.0.2
116 silly idealTree:prePrune │ │   ├── inherits@2.0.1
116 silly idealTree:prePrune │ │   ├── isarray@0.0.1
116 silly idealTree:prePrune │ │   └── string_decoder@0.10.31
116 silly idealTree:prePrune │ ├─┬ concat-stream@1.5.1
116 silly idealTree:prePrune │ │ ├── inherits@2.0.1
116 silly idealTree:prePrune │ │ ├─┬ readable-stream@2.0.5
116 silly idealTree:prePrune │ │ │ ├── core-util-is@1.0.2
116 silly idealTree:prePrune │ │ │ ├── isarray@0.0.1
116 silly idealTree:prePrune │ │ │ ├── process-nextick-args@1.0.6
116 silly idealTree:prePrune │ │ │ ├── string_decoder@0.10.31
116 silly idealTree:prePrune │ │ │ └── util-deprecate@1.0.2
116 silly idealTree:prePrune │ │ └── typedarray@0.0.6
116 silly idealTree:prePrune │ ├─┬ mkdirp@0.5.1
116 silly idealTree:prePrune │ │ └── minimist@0.0.8
116 silly idealTree:prePrune │ ├── object-assign@3.0.0
116 silly idealTree:prePrune │ ├─┬ on-finished@2.3.0
116 silly idealTree:prePrune │ │ └── ee-first@1.1.1
116 silly idealTree:prePrune │ ├─┬ type-is@1.6.10
116 silly idealTree:prePrune │ │ ├── media-typer@0.3.0
116 silly idealTree:prePrune │ │ └─┬ mime-types@2.1.9
116 silly idealTree:prePrune │ │   └── mime-db@1.21.0
116 silly idealTree:prePrune │ └── xtend@4.0.1
116 silly idealTree:prePrune ├── nan@2.0.5
116 silly idealTree:prePrune ├─┬ passport-facebook@2.0.0
116 silly idealTree:prePrune │ └─┬ passport-oauth2@1.1.2
116 silly idealTree:prePrune │   ├── oauth@0.9.14
116 silly idealTree:prePrune │   └── passport-strategy@1.0.0
116 silly idealTree:prePrune ├─┬ passport@0.3.2
116 silly idealTree:prePrune │ ├── passport-strategy@1.0.0
116 silly idealTree:prePrune │ └── pause@0.0.1
116 silly idealTree:prePrune ├─┬ path@0.12.7
116 silly idealTree:prePrune │ ├── process@0.11.2
116 silly idealTree:prePrune │ └─┬ util@0.10.3
116 silly idealTree:prePrune │   └── inherits@2.0.1
116 silly idealTree:prePrune ├─┬ pg@4.4.3
116 silly idealTree:prePrune │ ├── buffer-writer@1.0.0
116 silly idealTree:prePrune │ ├── generic-pool@2.1.1
116 silly idealTree:prePrune │ ├── packet-reader@0.2.0
116 silly idealTree:prePrune │ ├── pg-connection-string@0.1.3
116 silly idealTree:prePrune │ ├─┬ pg-types@1.10.0
116 silly idealTree:prePrune │ │ ├── ap@0.2.0
116 silly idealTree:prePrune │ │ ├── postgres-array@1.0.0
116 silly idealTree:prePrune │ │ ├── postgres-bytea@1.0.0
116 silly idealTree:prePrune │ │ ├── postgres-date@1.0.1
116 silly idealTree:prePrune │ │ └─┬ postgres-interval@1.0.1
116 silly idealTree:prePrune │ │   └── xtend@4.0.1
116 silly idealTree:prePrune │ ├─┬ pgpass@0.0.3
116 silly idealTree:prePrune │ │ └─┬ split@0.3.3
116 silly idealTree:prePrune │ │   └── through@2.3.8
116 silly idealTree:prePrune │ └── semver@4.3.6
116 silly idealTree:prePrune ├─┬ serve-favicon@2.3.0
116 silly idealTree:prePrune │ ├── etag@1.7.0
116 silly idealTree:prePrune │ ├── fresh@0.3.0
116 silly idealTree:prePrune │ ├── ms@0.7.1
116 silly idealTree:prePrune │ └── parseurl@1.3.0
116 silly idealTree:prePrune └── uid2@0.0.3
117 silly loadIdealTree Finishing
118 silly currentTree module2@0.0.0
118 silly currentTree ├─┬ body-parser@1.13.3
118 silly currentTree │ ├── bytes@2.1.0
118 silly currentTree │ ├── content-type@1.0.1
118 silly currentTree │ ├── depd@1.0.1
118 silly currentTree │ ├─┬ http-errors@1.3.1
118 silly currentTree │ │ ├── inherits@2.0.1
118 silly currentTree │ │ └── statuses@1.2.1
118 silly currentTree │ ├── iconv-lite@0.4.11
118 silly currentTree │ ├─┬ on-finished@2.3.0
118 silly currentTree │ │ └── ee-first@1.1.1
118 silly currentTree │ ├── qs@4.0.0
118 silly currentTree │ ├─┬ raw-body@2.1.5
118 silly currentTree │ │ ├── bytes@2.2.0
118 silly currentTree │ │ ├── iconv-lite@0.4.13
118 silly currentTree │ │ └── unpipe@1.0.0
118 silly currentTree │ └─┬ type-is@1.6.10
118 silly currentTree │   ├── media-typer@0.3.0
118 silly currentTree │   └─┬ mime-types@2.1.9
118 silly currentTree │     └── mime-db@1.21.0
118 silly currentTree ├─┬ connect-form@0.2.1
118 silly currentTree │ └── formidable@1.0.17
118 silly currentTree ├─┬ cookie-parser@1.3.5
118 silly currentTree │ ├── cookie-signature@1.0.6
118 silly currentTree │ └── cookie@0.1.3
118 silly currentTree ├─┬ cookie-session@1.2.0
118 silly currentTree │ ├─┬ cookies@0.5.0
118 silly currentTree │ │ └── keygrip@1.0.1
118 silly currentTree │ └── on-headers@1.0.1
118 silly currentTree ├─┬ darwin@0.0.5
118 silly currentTree │ ├── dna-js@0.0.3
118 silly currentTree │ ├─┬ fs-extra@0.13.0
118 silly currentTree │ │ ├── jsonfile@2.2.3
118 silly currentTree │ │ ├── ncp@1.0.1
118 silly currentTree │ │ └─┬ rimraf@2.5.0
118 silly currentTree │ │   └─┬ glob@6.0.4
118 silly currentTree │ │     ├─┬ inflight@1.0.4
118 silly currentTree │ │     │ └── wrappy@1.0.1
118 silly currentTree │ │     ├── inherits@2.0.1
118 silly currentTree │ │     ├─┬ minimatch@3.0.0
118 silly currentTree │ │     │ └─┬ brace-expansion@1.1.2
118 silly currentTree │ │     │   ├── balanced-match@0.3.0
118 silly currentTree │ │     │   └── concat-map@0.0.1
118 silly currentTree │ │     ├─┬ once@1.3.3
118 silly currentTree │ │     │ └── wrappy@1.0.1
118 silly currentTree │ │     └── path-is-absolute@1.0.0
118 silly currentTree │ └─┬ globby@1.2.0
118 silly currentTree │   ├─┬ array-union@1.0.1
118 silly currentTree │   │ └── array-uniq@1.0.2
118 silly currentTree │   ├── async@0.9.2
118 silly currentTree │   ├─┬ glob@4.5.3
118 silly currentTree │   │ ├─┬ inflight@1.0.4
118 silly currentTree │   │ │ └── wrappy@1.0.1
118 silly currentTree │   │ ├── inherits@2.0.1
118 silly currentTree │   │ ├─┬ minimatch@2.0.10
118 silly currentTree │   │ │ └─┬ brace-expansion@1.1.2
118 silly currentTree │   │ │   ├── balanced-match@0.3.0
118 silly currentTree │   │ │   └── concat-map@0.0.1
118 silly currentTree │   │ └─┬ once@1.3.3
118 silly currentTree │   │   └── wrappy@1.0.1
118 silly currentTree │   └── object-assign@2.1.1
118 silly currentTree ├─┬ debug@2.2.0
118 silly currentTree │ └── ms@0.7.1
118 silly currentTree ├── dotenv@1.2.0
118 silly currentTree ├── ejs@2.3.4
118 silly currentTree ├─┬ express@4.13.3
118 silly currentTree │ ├─┬ accepts@1.2.13
118 silly currentTree │ │ ├─┬ mime-types@2.1.9
118 silly currentTree │ │ │ └── mime-db@1.21.0
118 silly currentTree │ │ └── negotiator@0.5.3
118 silly currentTree │ ├── array-flatten@1.1.1
118 silly currentTree │ ├── content-disposition@0.5.0
118 silly currentTree │ ├── content-type@1.0.1
118 silly currentTree │ ├── cookie-signature@1.0.6
118 silly currentTree │ ├── cookie@0.1.3
118 silly currentTree │ ├── depd@1.0.1
118 silly currentTree │ ├── escape-html@1.0.2
118 silly currentTree │ ├── etag@1.7.0
118 silly currentTree │ ├─┬ finalhandler@0.4.0
118 silly currentTree │ │ └── unpipe@1.0.0
118 silly currentTree │ ├── fresh@0.3.0
118 silly currentTree │ ├── merge-descriptors@1.0.0
118 silly currentTree │ ├── methods@1.1.1
118 silly currentTree │ ├─┬ on-finished@2.3.0
118 silly currentTree │ │ └── ee-first@1.1.1
118 silly currentTree │ ├── parseurl@1.3.0
118 silly currentTree │ ├── path-to-regexp@0.1.7
118 silly currentTree │ ├─┬ proxy-addr@1.0.10
118 silly currentTree │ │ ├── forwarded@0.1.0
118 silly currentTree │ │ └── ipaddr.js@1.0.5
118 silly currentTree │ ├── qs@4.0.0
118 silly currentTree │ ├── range-parser@1.0.3
118 silly currentTree │ ├─┬ send@0.13.0
118 silly currentTree │ │ ├── destroy@1.0.3
118 silly currentTree │ │ ├─┬ http-errors@1.3.1
118 silly currentTree │ │ │ └── inherits@2.0.1
118 silly currentTree │ │ ├── mime@1.3.4
118 silly currentTree │ │ ├── ms@0.7.1
118 silly currentTree │ │ └── statuses@1.2.1
118 silly currentTree │ ├── serve-static@1.10.0
118 silly currentTree │ ├─┬ type-is@1.6.10
118 silly currentTree │ │ ├── media-typer@0.3.0
118 silly currentTree │ │ └─┬ mime-types@2.1.9
118 silly currentTree │ │   └── mime-db@1.21.0
118 silly currentTree │ ├── utils-merge@1.0.0
118 silly currentTree │ └── vary@1.0.1
118 silly currentTree ├─┬ imgur-uploader@3.0.0
118 silly currentTree │ ├─┬ concat-stream@1.5.1
118 silly currentTree │ │ ├── inherits@2.0.1
118 silly currentTree │ │ ├─┬ readable-stream@2.0.5
118 silly currentTree │ │ │ ├── core-util-is@1.0.2
118 silly currentTree │ │ │ ├── isarray@0.0.1
118 silly currentTree │ │ │ ├── process-nextick-args@1.0.6
118 silly currentTree │ │ │ ├── string_decoder@0.10.31
118 silly currentTree │ │ │ └── util-deprecate@1.0.2
118 silly currentTree │ │ └── typedarray@0.0.6
118 silly currentTree │ ├─┬ condense-keys@1.1.0
118 silly currentTree │ │ ├── is-obj@1.0.0
118 silly currentTree │ │ └── object-assign@2.1.1
118 silly currentTree │ └─┬ got@5.3.1
118 silly currentTree │   ├─┬ create-error-class@2.0.1
118 silly currentTree │   │ ├── capture-stack-trace@1.0.0
118 silly currentTree │   │ └── inherits@2.0.1
118 silly currentTree │   ├── duplexer2@0.1.4
118 silly currentTree │   ├── is-plain-obj@1.1.0
118 silly currentTree │   ├── is-redirect@1.0.0
118 silly currentTree │   ├── is-stream@1.0.1
118 silly currentTree │   ├── lowercase-keys@1.0.0
118 silly currentTree │   ├── node-status-codes@1.0.0
118 silly currentTree │   ├── object-assign@4.0.1
118 silly currentTree │   ├─┬ parse-json@2.2.0
118 silly currentTree │   │ └─┬ error-ex@1.3.0
118 silly currentTree │   │   └── is-arrayish@0.2.1
118 silly currentTree │   ├─┬ pinkie-promise@2.0.0
118 silly currentTree │   │ └── pinkie@2.0.1
118 silly currentTree │   ├─┬ read-all-stream@3.0.1
118 silly currentTree │   │ └─┬ pinkie-promise@1.0.0
118 silly currentTree │   │   └── pinkie@1.0.0
118 silly currentTree │   ├─┬ readable-stream@2.0.5
118 silly currentTree │   │ ├── core-util-is@1.0.2
118 silly currentTree │   │ ├── inherits@2.0.1
118 silly currentTree │   │ ├── isarray@0.0.1
118 silly currentTree │   │ ├── process-nextick-args@1.0.6
118 silly currentTree │   │ ├── string_decoder@0.10.31
118 silly currentTree │   │ └── util-deprecate@1.0.2
118 silly currentTree │   ├── timed-out@2.0.0
118 silly currentTree │   ├── unzip-response@1.0.0
118 silly currentTree │   └─┬ url-parse-lax@1.0.0
118 silly currentTree │     └── prepend-http@1.0.3
118 silly currentTree ├─┬ imgur@0.1.7
118 silly currentTree │ ├─┬ commander@2.9.0
118 silly currentTree │ │ └── graceful-readlink@1.0.1
118 silly currentTree │ ├─┬ glob@4.5.3
118 silly currentTree │ │ ├─┬ inflight@1.0.4
118 silly currentTree │ │ │ └── wrappy@1.0.1
118 silly currentTree │ │ ├── inherits@2.0.1
118 silly currentTree │ │ ├─┬ minimatch@2.0.10
118 silly currentTree │ │ │ └─┬ brace-expansion@1.1.2
118 silly currentTree │ │ │   ├── balanced-match@0.3.0
118 silly currentTree │ │ │   └── concat-map@0.0.1
118 silly currentTree │ │ └─┬ once@1.3.3
118 silly currentTree │ │   └── wrappy@1.0.1
118 silly currentTree │ ├── q@1.4.1
118 silly currentTree │ └─┬ request@2.67.0
118 silly currentTree │   ├── aws-sign2@0.6.0
118 silly currentTree │   ├─┬ bl@1.0.0
118 silly currentTree │   │ └─┬ readable-stream@2.0.5
118 silly currentTree │   │   ├── core-util-is@1.0.2
118 silly currentTree │   │   ├── inherits@2.0.1
118 silly currentTree │   │   ├── isarray@0.0.1
118 silly currentTree │   │   ├── process-nextick-args@1.0.6
118 silly currentTree │   │   ├── string_decoder@0.10.31
118 silly currentTree │   │   └── util-deprecate@1.0.2
118 silly currentTree │   ├── caseless@0.11.0
118 silly currentTree │   ├─┬ combined-stream@1.0.5
118 silly currentTree │   │ └── delayed-stream@1.0.0
118 silly currentTree │   ├── extend@3.0.0
118 silly currentTree │   ├── forever-agent@0.6.1
118 silly currentTree │   ├─┬ form-data@1.0.0-rc3
118 silly currentTree │   │ └── async@1.5.2
118 silly currentTree │   ├─┬ har-validator@2.0.3
118 silly currentTree │   │ ├─┬ chalk@1.1.1
118 silly currentTree │   │ │ ├── ansi-styles@2.1.0
118 silly currentTree │   │ │ ├── escape-string-regexp@1.0.4
118 silly currentTree │   │ │ ├─┬ has-ansi@2.0.0
118 silly currentTree │   │ │ │ └── ansi-regex@2.0.0
118 silly currentTree │   │ │ ├─┬ strip-ansi@3.0.0
118 silly currentTree │   │ │ │ └── ansi-regex@2.0.0
118 silly currentTree │   │ │ └── supports-color@2.0.0
118 silly currentTree │   │ ├─┬ is-my-json-valid@2.12.3
118 silly currentTree │   │ │ ├── generate-function@2.0.0
118 silly currentTree │   │ │ ├─┬ generate-object-property@1.2.0
118 silly currentTree │   │ │ │ └── is-property@1.0.2
118 silly currentTree │   │ │ ├── jsonpointer@2.0.0
118 silly currentTree │   │ │ └── xtend@4.0.1
118 silly currentTree │   │ └─┬ pinkie-promise@2.0.0
118 silly currentTree │   │   └── pinkie@2.0.1
118 silly currentTree │   ├─┬ hawk@3.1.2
118 silly currentTree │   │ ├── boom@2.10.1
118 silly currentTree │   │ ├── cryptiles@2.0.5
118 silly currentTree │   │ ├── hoek@2.16.3
118 silly currentTree │   │ └── sntp@1.0.9
118 silly currentTree │   ├─┬ http-signature@1.1.0
118 silly currentTree │   │ ├── assert-plus@0.1.5
118 silly currentTree │   │ ├─┬ jsprim@1.2.2
118 silly currentTree │   │ │ ├── extsprintf@1.0.2
118 silly currentTree │   │ │ ├── json-schema@0.2.2
118 silly currentTree │   │ │ └── verror@1.3.6
118 silly currentTree │   │ └─┬ sshpk@1.7.3
118 silly currentTree │   │   ├── asn1@0.2.3
118 silly currentTree │   │   ├── assert-plus@0.2.0
118 silly currentTree │   │   ├─┬ dashdash@1.12.1
118 silly currentTree │   │   │ └── assert-plus@0.1.5
118 silly currentTree │   │   ├── ecc-jsbn@0.1.1
118 silly currentTree │   │   ├── jodid25519@1.0.2
118 silly currentTree │   │   ├── jsbn@0.1.0
118 silly currentTree │   │   └── tweetnacl@0.13.3
118 silly currentTree │   ├── is-typedarray@1.0.0
118 silly currentTree │   ├── isstream@0.1.2
118 silly currentTree │   ├── json-stringify-safe@5.0.1
118 silly currentTree │   ├─┬ mime-types@2.1.9
118 silly currentTree │   │ └── mime-db@1.21.0
118 silly currentTree │   ├── node-uuid@1.4.7
118 silly currentTree │   ├── oauth-sign@0.8.0
118 silly currentTree │   ├── qs@5.2.0
118 silly currentTree │   ├── stringstream@0.0.5
118 silly currentTree │   ├── tough-cookie@2.2.1
118 silly currentTree │   └── tunnel-agent@0.4.2
118 silly currentTree ├─┬ knex@0.9.0
118 silly currentTree │ ├── bluebird@2.10.2
118 silly currentTree │ ├─┬ chalk@1.1.1
118 silly currentTree │ │ ├── ansi-styles@2.1.0
118 silly currentTree │ │ ├── escape-string-regexp@1.0.4
118 silly currentTree │ │ ├─┬ has-ansi@2.0.0
118 silly currentTree │ │ │ └── ansi-regex@2.0.0
118 silly currentTree │ │ ├─┬ strip-ansi@3.0.0
118 silly currentTree │ │ │ └── ansi-regex@2.0.0
118 silly currentTree │ │ └── supports-color@2.0.0
118 silly currentTree │ ├─┬ commander@2.9.0
118 silly currentTree │ │ └── graceful-readlink@1.0.1
118 silly currentTree │ ├── inherits@2.0.1
118 silly currentTree │ ├── interpret@0.6.6
118 silly currentTree │ ├─┬ liftoff@2.0.3
118 silly currentTree │ │ ├── extend@2.0.1
118 silly currentTree │ │ ├─┬ findup-sync@0.2.1
118 silly currentTree │ │ │ └─┬ glob@4.3.5
118 silly currentTree │ │ │   ├─┬ inflight@1.0.4
118 silly currentTree │ │ │   │ └── wrappy@1.0.1
118 silly currentTree │ │ │   ├─┬ minimatch@2.0.10
118 silly currentTree │ │ │   │ └─┬ brace-expansion@1.1.2
118 silly currentTree │ │ │   │   ├── balanced-match@0.3.0
118 silly currentTree │ │ │   │   └── concat-map@0.0.1
118 silly currentTree │ │ │   └─┬ once@1.3.3
118 silly currentTree │ │ │     └── wrappy@1.0.1
118 silly currentTree │ │ ├── flagged-respawn@0.3.1
118 silly currentTree │ │ └── resolve@1.1.6
118 silly currentTree │ ├── lodash@3.10.1
118 silly currentTree │ ├── minimist@1.1.3
118 silly currentTree │ ├─┬ mkdirp@0.5.1
118 silly currentTree │ │ └── minimist@0.0.8
118 silly currentTree │ ├── pg-connection-string@0.1.3
118 silly currentTree │ ├─┬ pool2@1.3.0
118 silly currentTree │ │ ├── double-ended-queue@2.1.0-0
118 silly currentTree │ │ ├── hashmap@2.0.4
118 silly currentTree │ │ └── simple-backoff@1.0.0
118 silly currentTree │ ├─┬ readable-stream@1.1.13
118 silly currentTree │ │ ├── core-util-is@1.0.2
118 silly currentTree │ │ ├── isarray@0.0.1
118 silly currentTree │ │ └── string_decoder@0.10.31
118 silly currentTree │ ├─┬ tildify@1.0.0
118 silly currentTree │ │ └── user-home@1.1.1
118 silly currentTree │ └─┬ v8flags@2.0.11
118 silly currentTree │   └── user-home@1.1.1
118 silly currentTree ├─┬ morgan@1.6.1
118 silly currentTree │ ├── basic-auth@1.0.3
118 silly currentTree │ ├── depd@1.0.1
118 silly currentTree │ ├─┬ on-finished@2.3.0
118 silly currentTree │ │ └── ee-first@1.1.1
118 silly currentTree │ └── on-headers@1.0.1
118 silly currentTree ├─┬ multer@1.1.0
118 silly currentTree │ ├── append-field@0.1.0
118 silly currentTree │ ├─┬ busboy@0.2.12
118 silly currentTree │ │ ├─┬ dicer@0.2.5
118 silly currentTree │ │ │ └── streamsearch@0.1.2
118 silly currentTree │ │ └─┬ readable-stream@1.1.13
118 silly currentTree │ │   ├── core-util-is@1.0.2
118 silly currentTree │ │   ├── inherits@2.0.1
118 silly currentTree │ │   ├── isarray@0.0.1
118 silly currentTree │ │   └── string_decoder@0.10.31
118 silly currentTree │ ├─┬ concat-stream@1.5.1
118 silly currentTree │ │ ├── inherits@2.0.1
118 silly currentTree │ │ ├─┬ readable-stream@2.0.5
118 silly currentTree │ │ │ ├── core-util-is@1.0.2
118 silly currentTree │ │ │ ├── isarray@0.0.1
118 silly currentTree │ │ │ ├── process-nextick-args@1.0.6
118 silly currentTree │ │ │ ├── string_decoder@0.10.31
118 silly currentTree │ │ │ └── util-deprecate@1.0.2
118 silly currentTree │ │ └── typedarray@0.0.6
118 silly currentTree │ ├─┬ mkdirp@0.5.1
118 silly currentTree │ │ └── minimist@0.0.8
118 silly currentTree │ ├── object-assign@3.0.0
118 silly currentTree │ ├─┬ on-finished@2.3.0
118 silly currentTree │ │ └── ee-first@1.1.1
118 silly currentTree │ ├─┬ type-is@1.6.10
118 silly currentTree │ │ ├── media-typer@0.3.0
118 silly currentTree │ │ └─┬ mime-types@2.1.9
118 silly currentTree │ │   └── mime-db@1.21.0
118 silly currentTree │ └── xtend@4.0.1
118 silly currentTree ├─┬ passport-facebook@2.0.0
118 silly currentTree │ └─┬ passport-oauth2@1.1.2
118 silly currentTree │   ├── oauth@0.9.14
118 silly currentTree │   └── passport-strategy@1.0.0
118 silly currentTree ├─┬ passport@0.3.2
118 silly currentTree │ ├── passport-strategy@1.0.0
118 silly currentTree │ └── pause@0.0.1
118 silly currentTree ├─┬ path@0.12.7
118 silly currentTree │ ├── process@0.11.2
118 silly currentTree │ └─┬ util@0.10.3
118 silly currentTree │   └── inherits@2.0.1
118 silly currentTree ├─┬ pg@4.4.3
118 silly currentTree │ ├── buffer-writer@1.0.0
118 silly currentTree │ ├── generic-pool@2.1.1
118 silly currentTree │ ├── packet-reader@0.2.0
118 silly currentTree │ ├── pg-connection-string@0.1.3
118 silly currentTree │ ├─┬ pg-types@1.10.0
118 silly currentTree │ │ ├── ap@0.2.0
118 silly currentTree │ │ ├── postgres-array@1.0.0
118 silly currentTree │ │ ├── postgres-bytea@1.0.0
118 silly currentTree │ │ ├── postgres-date@1.0.1
118 silly currentTree │ │ └─┬ postgres-interval@1.0.1
118 silly currentTree │ │   └── xtend@4.0.1
118 silly currentTree │ ├─┬ pgpass@0.0.3
118 silly currentTree │ │ └─┬ split@0.3.3
118 silly currentTree │ │   └── through@2.3.8
118 silly currentTree │ └── semver@4.3.6
118 silly currentTree ├─┬ serve-favicon@2.3.0
118 silly currentTree │ ├── etag@1.7.0
118 silly currentTree │ ├── fresh@0.3.0
118 silly currentTree │ ├── ms@0.7.1
118 silly currentTree │ └── parseurl@1.3.0
118 silly currentTree └── uid2@0.0.3
119 silly idealTree module2@0.0.0
119 silly idealTree ├── bcrypt@0.8.5
119 silly idealTree ├── bindings@1.2.1
119 silly idealTree ├─┬ body-parser@1.13.3
119 silly idealTree │ ├── bytes@2.1.0
119 silly idealTree │ ├── content-type@1.0.1
119 silly idealTree │ ├── depd@1.0.1
119 silly idealTree │ ├─┬ http-errors@1.3.1
119 silly idealTree │ │ ├── inherits@2.0.1
119 silly idealTree │ │ └── statuses@1.2.1
119 silly idealTree │ ├── iconv-lite@0.4.11
119 silly idealTree │ ├─┬ on-finished@2.3.0
119 silly idealTree │ │ └── ee-first@1.1.1
119 silly idealTree │ ├── qs@4.0.0
119 silly idealTree │ ├─┬ raw-body@2.1.5
119 silly idealTree │ │ ├── bytes@2.2.0
119 silly idealTree │ │ ├── iconv-lite@0.4.13
119 silly idealTree │ │ └── unpipe@1.0.0
119 silly idealTree │ └─┬ type-is@1.6.10
119 silly idealTree │   ├── media-typer@0.3.0
119 silly idealTree │   └─┬ mime-types@2.1.9
119 silly idealTree │     └── mime-db@1.21.0
119 silly idealTree ├─┬ connect-form@0.2.1
119 silly idealTree │ └── formidable@1.0.17
119 silly idealTree ├─┬ cookie-parser@1.3.5
119 silly idealTree │ ├── cookie-signature@1.0.6
119 silly idealTree │ └── cookie@0.1.3
119 silly idealTree ├─┬ cookie-session@1.2.0
119 silly idealTree │ ├─┬ cookies@0.5.0
119 silly idealTree │ │ └── keygrip@1.0.1
119 silly idealTree │ └── on-headers@1.0.1
119 silly idealTree ├─┬ darwin@0.0.5
119 silly idealTree │ ├── dna-js@0.0.3
119 silly idealTree │ ├─┬ fs-extra@0.13.0
119 silly idealTree │ │ ├── jsonfile@2.2.3
119 silly idealTree │ │ ├── ncp@1.0.1
119 silly idealTree │ │ └─┬ rimraf@2.5.0
119 silly idealTree │ │   └─┬ glob@6.0.4
119 silly idealTree │ │     ├─┬ inflight@1.0.4
119 silly idealTree │ │     │ └── wrappy@1.0.1
119 silly idealTree │ │     ├── inherits@2.0.1
119 silly idealTree │ │     ├─┬ minimatch@3.0.0
119 silly idealTree │ │     │ └─┬ brace-expansion@1.1.2
119 silly idealTree │ │     │   ├── balanced-match@0.3.0
119 silly idealTree │ │     │   └── concat-map@0.0.1
119 silly idealTree │ │     ├─┬ once@1.3.3
119 silly idealTree │ │     │ └── wrappy@1.0.1
119 silly idealTree │ │     └── path-is-absolute@1.0.0
119 silly idealTree │ └─┬ globby@1.2.0
119 silly idealTree │   ├─┬ array-union@1.0.1
119 silly idealTree │   │ └── array-uniq@1.0.2
119 silly idealTree │   ├── async@0.9.2
119 silly idealTree │   ├─┬ glob@4.5.3
119 silly idealTree │   │ ├─┬ inflight@1.0.4
119 silly idealTree │   │ │ └── wrappy@1.0.1
119 silly idealTree │   │ ├── inherits@2.0.1
119 silly idealTree │   │ ├─┬ minimatch@2.0.10
119 silly idealTree │   │ │ └─┬ brace-expansion@1.1.2
119 silly idealTree │   │ │   ├── balanced-match@0.3.0
119 silly idealTree │   │ │   └── concat-map@0.0.1
119 silly idealTree │   │ └─┬ once@1.3.3
119 silly idealTree │   │   └── wrappy@1.0.1
119 silly idealTree │   └── object-assign@2.1.1
119 silly idealTree ├─┬ debug@2.2.0
119 silly idealTree │ └── ms@0.7.1
119 silly idealTree ├── dotenv@1.2.0
119 silly idealTree ├── ejs@2.3.4
119 silly idealTree ├─┬ express@4.13.3
119 silly idealTree │ ├─┬ accepts@1.2.13
119 silly idealTree │ │ ├─┬ mime-types@2.1.9
119 silly idealTree │ │ │ └── mime-db@1.21.0
119 silly idealTree │ │ └── negotiator@0.5.3
119 silly idealTree │ ├── array-flatten@1.1.1
119 silly idealTree │ ├── content-disposition@0.5.0
119 silly idealTree │ ├── content-type@1.0.1
119 silly idealTree │ ├── cookie-signature@1.0.6
119 silly idealTree │ ├── cookie@0.1.3
119 silly idealTree │ ├── depd@1.0.1
119 silly idealTree │ ├── escape-html@1.0.2
119 silly idealTree │ ├── etag@1.7.0
119 silly idealTree │ ├─┬ finalhandler@0.4.0
119 silly idealTree │ │ └── unpipe@1.0.0
119 silly idealTree │ ├── fresh@0.3.0
119 silly idealTree │ ├── merge-descriptors@1.0.0
119 silly idealTree │ ├── methods@1.1.1
119 silly idealTree │ ├─┬ on-finished@2.3.0
119 silly idealTree │ │ └── ee-first@1.1.1
119 silly idealTree │ ├── parseurl@1.3.0
119 silly idealTree │ ├── path-to-regexp@0.1.7
119 silly idealTree │ ├─┬ proxy-addr@1.0.10
119 silly idealTree │ │ ├── forwarded@0.1.0
119 silly idealTree │ │ └── ipaddr.js@1.0.5
119 silly idealTree │ ├── qs@4.0.0
119 silly idealTree │ ├── range-parser@1.0.3
119 silly idealTree │ ├─┬ send@0.13.0
119 silly idealTree │ │ ├── destroy@1.0.3
119 silly idealTree │ │ ├─┬ http-errors@1.3.1
119 silly idealTree │ │ │ └── inherits@2.0.1
119 silly idealTree │ │ ├── mime@1.3.4
119 silly idealTree │ │ ├── ms@0.7.1
119 silly idealTree │ │ └── statuses@1.2.1
119 silly idealTree │ ├── serve-static@1.10.0
119 silly idealTree │ ├─┬ type-is@1.6.10
119 silly idealTree │ │ ├── media-typer@0.3.0
119 silly idealTree │ │ └─┬ mime-types@2.1.9
119 silly idealTree │ │   └── mime-db@1.21.0
119 silly idealTree │ ├── utils-merge@1.0.0
119 silly idealTree │ └── vary@1.0.1
119 silly idealTree ├─┬ imgur-uploader@3.0.0
119 silly idealTree │ ├─┬ concat-stream@1.5.1
119 silly idealTree │ │ ├── inherits@2.0.1
119 silly idealTree │ │ ├─┬ readable-stream@2.0.5
119 silly idealTree │ │ │ ├── core-util-is@1.0.2
119 silly idealTree │ │ │ ├── isarray@0.0.1
119 silly idealTree │ │ │ ├── process-nextick-args@1.0.6
119 silly idealTree │ │ │ ├── string_decoder@0.10.31
119 silly idealTree │ │ │ └── util-deprecate@1.0.2
119 silly idealTree │ │ └── typedarray@0.0.6
119 silly idealTree │ ├─┬ condense-keys@1.1.0
119 silly idealTree │ │ ├── is-obj@1.0.0
119 silly idealTree │ │ └── object-assign@2.1.1
119 silly idealTree │ └─┬ got@5.3.1
119 silly idealTree │   ├─┬ create-error-class@2.0.1
119 silly idealTree │   │ ├── capture-stack-trace@1.0.0
119 silly idealTree │   │ └── inherits@2.0.1
119 silly idealTree │   ├── duplexer2@0.1.4
119 silly idealTree │   ├── is-plain-obj@1.1.0
119 silly idealTree │   ├── is-redirect@1.0.0
119 silly idealTree │   ├── is-stream@1.0.1
119 silly idealTree │   ├── lowercase-keys@1.0.0
119 silly idealTree │   ├── node-status-codes@1.0.0
119 silly idealTree │   ├── object-assign@4.0.1
119 silly idealTree │   ├─┬ parse-json@2.2.0
119 silly idealTree │   │ └─┬ error-ex@1.3.0
119 silly idealTree │   │   └── is-arrayish@0.2.1
119 silly idealTree │   ├─┬ pinkie-promise@2.0.0
119 silly idealTree │   │ └── pinkie@2.0.1
119 silly idealTree │   ├─┬ read-all-stream@3.0.1
119 silly idealTree │   │ └─┬ pinkie-promise@1.0.0
119 silly idealTree │   │   └── pinkie@1.0.0
119 silly idealTree │   ├─┬ readable-stream@2.0.5
119 silly idealTree │   │ ├── core-util-is@1.0.2
119 silly idealTree │   │ ├── inherits@2.0.1
119 silly idealTree │   │ ├── isarray@0.0.1
119 silly idealTree │   │ ├── process-nextick-args@1.0.6
119 silly idealTree │   │ ├── string_decoder@0.10.31
119 silly idealTree │   │ └── util-deprecate@1.0.2
119 silly idealTree │   ├── timed-out@2.0.0
119 silly idealTree │   ├── unzip-response@1.0.0
119 silly idealTree │   └─┬ url-parse-lax@1.0.0
119 silly idealTree │     └── prepend-http@1.0.3
119 silly idealTree ├─┬ imgur@0.1.7
119 silly idealTree │ ├─┬ commander@2.9.0
119 silly idealTree │ │ └── graceful-readlink@1.0.1
119 silly idealTree │ ├─┬ glob@4.5.3
119 silly idealTree │ │ ├─┬ inflight@1.0.4
119 silly idealTree │ │ │ └── wrappy@1.0.1
119 silly idealTree │ │ ├── inherits@2.0.1
119 silly idealTree │ │ ├─┬ minimatch@2.0.10
119 silly idealTree │ │ │ └─┬ brace-expansion@1.1.2
119 silly idealTree │ │ │   ├── balanced-match@0.3.0
119 silly idealTree │ │ │   └── concat-map@0.0.1
119 silly idealTree │ │ └─┬ once@1.3.3
119 silly idealTree │ │   └── wrappy@1.0.1
119 silly idealTree │ ├── q@1.4.1
119 silly idealTree │ └─┬ request@2.67.0
119 silly idealTree │   ├── aws-sign2@0.6.0
119 silly idealTree │   ├─┬ bl@1.0.0
119 silly idealTree │   │ └─┬ readable-stream@2.0.5
119 silly idealTree │   │   ├── core-util-is@1.0.2
119 silly idealTree │   │   ├── inherits@2.0.1
119 silly idealTree │   │   ├── isarray@0.0.1
119 silly idealTree │   │   ├── process-nextick-args@1.0.6
119 silly idealTree │   │   ├── string_decoder@0.10.31
119 silly idealTree │   │   └── util-deprecate@1.0.2
119 silly idealTree │   ├── caseless@0.11.0
119 silly idealTree │   ├─┬ combined-stream@1.0.5
119 silly idealTree │   │ └── delayed-stream@1.0.0
119 silly idealTree │   ├── extend@3.0.0
119 silly idealTree │   ├── forever-agent@0.6.1
119 silly idealTree │   ├─┬ form-data@1.0.0-rc3
119 silly idealTree │   │ └── async@1.5.2
119 silly idealTree │   ├─┬ har-validator@2.0.3
119 silly idealTree │   │ ├─┬ chalk@1.1.1
119 silly idealTree │   │ │ ├── ansi-styles@2.1.0
119 silly idealTree │   │ │ ├── escape-string-regexp@1.0.4
119 silly idealTree │   │ │ ├─┬ has-ansi@2.0.0
119 silly idealTree │   │ │ │ └── ansi-regex@2.0.0
119 silly idealTree │   │ │ ├─┬ strip-ansi@3.0.0
119 silly idealTree │   │ │ │ └── ansi-regex@2.0.0
119 silly idealTree │   │ │ └── supports-color@2.0.0
119 silly idealTree │   │ ├─┬ is-my-json-valid@2.12.3
119 silly idealTree │   │ │ ├── generate-function@2.0.0
119 silly idealTree │   │ │ ├─┬ generate-object-property@1.2.0
119 silly idealTree │   │ │ │ └── is-property@1.0.2
119 silly idealTree │   │ │ ├── jsonpointer@2.0.0
119 silly idealTree │   │ │ └── xtend@4.0.1
119 silly idealTree │   │ └─┬ pinkie-promise@2.0.0
119 silly idealTree │   │   └── pinkie@2.0.1
119 silly idealTree │   ├─┬ hawk@3.1.2
119 silly idealTree │   │ ├── boom@2.10.1
119 silly idealTree │   │ ├── cryptiles@2.0.5
119 silly idealTree │   │ ├── hoek@2.16.3
119 silly idealTree │   │ └── sntp@1.0.9
119 silly idealTree │   ├─┬ http-signature@1.1.0
119 silly idealTree │   │ ├── assert-plus@0.1.5
119 silly idealTree │   │ ├─┬ jsprim@1.2.2
119 silly idealTree │   │ │ ├── extsprintf@1.0.2
119 silly idealTree │   │ │ ├── json-schema@0.2.2
119 silly idealTree │   │ │ └── verror@1.3.6
119 silly idealTree │   │ └─┬ sshpk@1.7.3
119 silly idealTree │   │   ├── asn1@0.2.3
119 silly idealTree │   │   ├── assert-plus@0.2.0
119 silly idealTree │   │   ├─┬ dashdash@1.12.1
119 silly idealTree │   │   │ └── assert-plus@0.1.5
119 silly idealTree │   │   ├── ecc-jsbn@0.1.1
119 silly idealTree │   │   ├── jodid25519@1.0.2
119 silly idealTree │   │   ├── jsbn@0.1.0
119 silly idealTree │   │   └── tweetnacl@0.13.3
119 silly idealTree │   ├── is-typedarray@1.0.0
119 silly idealTree │   ├── isstream@0.1.2
119 silly idealTree │   ├── json-stringify-safe@5.0.1
119 silly idealTree │   ├─┬ mime-types@2.1.9
119 silly idealTree │   │ └── mime-db@1.21.0
119 silly idealTree │   ├── node-uuid@1.4.7
119 silly idealTree │   ├── oauth-sign@0.8.0
119 silly idealTree │   ├── qs@5.2.0
119 silly idealTree │   ├── stringstream@0.0.5
119 silly idealTree │   ├── tough-cookie@2.2.1
119 silly idealTree │   └── tunnel-agent@0.4.2
119 silly idealTree ├─┬ knex@0.9.0
119 silly idealTree │ ├── bluebird@2.10.2
119 silly idealTree │ ├─┬ chalk@1.1.1
119 silly idealTree │ │ ├── ansi-styles@2.1.0
119 silly idealTree │ │ ├── escape-string-regexp@1.0.4
119 silly idealTree │ │ ├─┬ has-ansi@2.0.0
119 silly idealTree │ │ │ └── ansi-regex@2.0.0
119 silly idealTree │ │ ├─┬ strip-ansi@3.0.0
119 silly idealTree │ │ │ └── ansi-regex@2.0.0
119 silly idealTree │ │ └── supports-color@2.0.0
119 silly idealTree │ ├─┬ commander@2.9.0
119 silly idealTree │ │ └── graceful-readlink@1.0.1
119 silly idealTree │ ├── inherits@2.0.1
119 silly idealTree │ ├── interpret@0.6.6
119 silly idealTree │ ├─┬ liftoff@2.0.3
119 silly idealTree │ │ ├── extend@2.0.1
119 silly idealTree │ │ ├─┬ findup-sync@0.2.1
119 silly idealTree │ │ │ └─┬ glob@4.3.5
119 silly idealTree │ │ │   ├─┬ inflight@1.0.4
119 silly idealTree │ │ │   │ └── wrappy@1.0.1
119 silly idealTree │ │ │   ├─┬ minimatch@2.0.10
119 silly idealTree │ │ │   │ └─┬ brace-expansion@1.1.2
119 silly idealTree │ │ │   │   ├── balanced-match@0.3.0
119 silly idealTree │ │ │   │   └── concat-map@0.0.1
119 silly idealTree │ │ │   └─┬ once@1.3.3
119 silly idealTree │ │ │     └── wrappy@1.0.1
119 silly idealTree │ │ ├── flagged-respawn@0.3.1
119 silly idealTree │ │ └── resolve@1.1.6
119 silly idealTree │ ├── lodash@3.10.1
119 silly idealTree │ ├── minimist@1.1.3
119 silly idealTree │ ├─┬ mkdirp@0.5.1
119 silly idealTree │ │ └── minimist@0.0.8
119 silly idealTree │ ├── pg-connection-string@0.1.3
119 silly idealTree │ ├─┬ pool2@1.3.0
119 silly idealTree │ │ ├── double-ended-queue@2.1.0-0
119 silly idealTree │ │ ├── hashmap@2.0.4
119 silly idealTree │ │ └── simple-backoff@1.0.0
119 silly idealTree │ ├─┬ readable-stream@1.1.13
119 silly idealTree │ │ ├── core-util-is@1.0.2
119 silly idealTree │ │ ├── isarray@0.0.1
119 silly idealTree │ │ └── string_decoder@0.10.31
119 silly idealTree │ ├─┬ tildify@1.0.0
119 silly idealTree │ │ └── user-home@1.1.1
119 silly idealTree │ └─┬ v8flags@2.0.11
119 silly idealTree │   └── user-home@1.1.1
119 silly idealTree ├─┬ morgan@1.6.1
119 silly idealTree │ ├── basic-auth@1.0.3
119 silly idealTree │ ├── depd@1.0.1
119 silly idealTree │ ├─┬ on-finished@2.3.0
119 silly idealTree │ │ └── ee-first@1.1.1
119 silly idealTree │ └── on-headers@1.0.1
119 silly idealTree ├─┬ multer@1.1.0
119 silly idealTree │ ├── append-field@0.1.0
119 silly idealTree │ ├─┬ busboy@0.2.12
119 silly idealTree │ │ ├─┬ dicer@0.2.5
119 silly idealTree │ │ │ └── streamsearch@0.1.2
119 silly idealTree │ │ └─┬ readable-stream@1.1.13
119 silly idealTree │ │   ├── core-util-is@1.0.2
119 silly idealTree │ │   ├── inherits@2.0.1
119 silly idealTree │ │   ├── isarray@0.0.1
119 silly idealTree │ │   └── string_decoder@0.10.31
119 silly idealTree │ ├─┬ concat-stream@1.5.1
119 silly idealTree │ │ ├── inherits@2.0.1
119 silly idealTree │ │ ├─┬ readable-stream@2.0.5
119 silly idealTree │ │ │ ├── core-util-is@1.0.2
119 silly idealTree │ │ │ ├── isarray@0.0.1
119 silly idealTree │ │ │ ├── process-nextick-args@1.0.6
119 silly idealTree │ │ │ ├── string_decoder@0.10.31
119 silly idealTree │ │ │ └── util-deprecate@1.0.2
119 silly idealTree │ │ └── typedarray@0.0.6
119 silly idealTree │ ├─┬ mkdirp@0.5.1
119 silly idealTree │ │ └── minimist@0.0.8
119 silly idealTree │ ├── object-assign@3.0.0
119 silly idealTree │ ├─┬ on-finished@2.3.0
119 silly idealTree │ │ └── ee-first@1.1.1
119 silly idealTree │ ├─┬ type-is@1.6.10
119 silly idealTree │ │ ├── media-typer@0.3.0
119 silly idealTree │ │ └─┬ mime-types@2.1.9
119 silly idealTree │ │   └── mime-db@1.21.0
119 silly idealTree │ └── xtend@4.0.1
119 silly idealTree ├── nan@2.0.5
119 silly idealTree ├─┬ passport-facebook@2.0.0
119 silly idealTree │ └─┬ passport-oauth2@1.1.2
119 silly idealTree │   ├── oauth@0.9.14
119 silly idealTree │   └── passport-strategy@1.0.0
119 silly idealTree ├─┬ passport@0.3.2
119 silly idealTree │ ├── passport-strategy@1.0.0
119 silly idealTree │ └── pause@0.0.1
119 silly idealTree ├─┬ path@0.12.7
119 silly idealTree │ ├── process@0.11.2
119 silly idealTree │ └─┬ util@0.10.3
119 silly idealTree │   └── inherits@2.0.1
119 silly idealTree ├─┬ pg@4.4.3
119 silly idealTree │ ├── buffer-writer@1.0.0
119 silly idealTree │ ├── generic-pool@2.1.1
119 silly idealTree │ ├── packet-reader@0.2.0
119 silly idealTree │ ├── pg-connection-string@0.1.3
119 silly idealTree │ ├─┬ pg-types@1.10.0
119 silly idealTree │ │ ├── ap@0.2.0
119 silly idealTree │ │ ├── postgres-array@1.0.0
119 silly idealTree │ │ ├── postgres-bytea@1.0.0
119 silly idealTree │ │ ├── postgres-date@1.0.1
119 silly idealTree │ │ └─┬ postgres-interval@1.0.1
119 silly idealTree │ │   └── xtend@4.0.1
119 silly idealTree │ ├─┬ pgpass@0.0.3
119 silly idealTree │ │ └─┬ split@0.3.3
119 silly idealTree │ │   └── through@2.3.8
119 silly idealTree │ └── semver@4.3.6
119 silly idealTree ├─┬ serve-favicon@2.3.0
119 silly idealTree │ ├── etag@1.7.0
119 silly idealTree │ ├── fresh@0.3.0
119 silly idealTree │ ├── ms@0.7.1
119 silly idealTree │ └── parseurl@1.3.0
119 silly idealTree └── uid2@0.0.3
120 silly generateActionsToTake Starting
121 silly install generateActionsToTake
122 silly generateActionsToTake Finishing
123 silly diffTrees action count 3
124 silly diffTrees add bindings@1.2.1
125 silly diffTrees add nan@2.0.5
126 silly diffTrees add bcrypt@0.8.5
127 silly decomposeActions action count 24
128 silly decomposeActions fetch bindings@1.2.1
129 silly decomposeActions extract bindings@1.2.1
130 silly decomposeActions test bindings@1.2.1
131 silly decomposeActions preinstall bindings@1.2.1
132 silly decomposeActions build bindings@1.2.1
133 silly decomposeActions install bindings@1.2.1
134 silly decomposeActions postinstall bindings@1.2.1
135 silly decomposeActions finalize bindings@1.2.1
136 silly decomposeActions fetch nan@2.0.5
137 silly decomposeActions extract nan@2.0.5
138 silly decomposeActions test nan@2.0.5
139 silly decomposeActions preinstall nan@2.0.5
140 silly decomposeActions build nan@2.0.5
141 silly decomposeActions install nan@2.0.5
142 silly decomposeActions postinstall nan@2.0.5
143 silly decomposeActions finalize nan@2.0.5
144 silly decomposeActions fetch bcrypt@0.8.5
145 silly decomposeActions extract bcrypt@0.8.5
146 silly decomposeActions test bcrypt@0.8.5
147 silly decomposeActions preinstall bcrypt@0.8.5
148 silly decomposeActions build bcrypt@0.8.5
149 silly decomposeActions install bcrypt@0.8.5
150 silly decomposeActions postinstall bcrypt@0.8.5
151 silly decomposeActions finalize bcrypt@0.8.5
152 silly executeActions Starting
153 silly install executeActions
154 silly doSerial global-install 0
155 silly doParallel fetch 3
156 verbose lock using /Users/Sierra Hotel/.npm/_locks/staging-e34f6ca1df0e199b.lock for /Users/Sierra Hotel/workspace/module2/module2/node_modules/.staging
157 silly doParallel extract 3
158 silly extract bindings@1.2.1
159 silly extract nan@2.0.5
160 silly extract bcrypt@0.8.5
161 verbose unbuild node_modules/.staging/bindings-4af267e7
162 verbose unbuild node_modules/.staging/nan-f09cf72d
163 verbose unbuild node_modules/.staging/bcrypt-ebd02bac
164 silly gentlyRm /Users/Sierra Hotel/workspace/module2/module2/node_modules/.staging/bindings-4af267e7 is being purged from base /Users/Sierra Hotel/workspace/module2/module2
165 verbose gentlyRm don't care about contents; nuking /Users/Sierra Hotel/workspace/module2/module2/node_modules/.staging/bindings-4af267e7
166 silly gentlyRm /Users/Sierra Hotel/workspace/module2/module2/node_modules/.staging/nan-f09cf72d is being purged from base /Users/Sierra Hotel/workspace/module2/module2
167 verbose gentlyRm don't care about contents; nuking /Users/Sierra Hotel/workspace/module2/module2/node_modules/.staging/nan-f09cf72d
168 silly gentlyRm /Users/Sierra Hotel/workspace/module2/module2/node_modules/.staging/bcrypt-ebd02bac is being purged from base /Users/Sierra Hotel/workspace/module2/module2
169 verbose gentlyRm don't care about contents; nuking /Users/Sierra Hotel/workspace/module2/module2/node_modules/.staging/bcrypt-ebd02bac
170 verbose tar unpack /Users/Sierra Hotel/.npm/bindings/1.2.1/package.tgz
171 verbose tar unpacking to /Users/Sierra Hotel/workspace/module2/module2/node_modules/.staging/bindings-4af267e7
172 silly gentlyRm /Users/Sierra Hotel/workspace/module2/module2/node_modules/.staging/bindings-4af267e7 is being purged
173 verbose gentlyRm don't care about contents; nuking /Users/Sierra Hotel/workspace/module2/module2/node_modules/.staging/bindings-4af267e7
174 verbose tar unpack /Users/Sierra Hotel/.npm/nan/2.0.5/package.tgz
175 verbose tar unpacking to /Users/Sierra Hotel/workspace/module2/module2/node_modules/.staging/nan-f09cf72d
176 silly gentlyRm /Users/Sierra Hotel/workspace/module2/module2/node_modules/.staging/nan-f09cf72d is being purged
177 verbose gentlyRm don't care about contents; nuking /Users/Sierra Hotel/workspace/module2/module2/node_modules/.staging/nan-f09cf72d
178 verbose tar unpack /Users/Sierra Hotel/.npm/bcrypt/0.8.5/package.tgz
179 verbose tar unpacking to /Users/Sierra Hotel/workspace/module2/module2/node_modules/.staging/bcrypt-ebd02bac
180 silly gentlyRm /Users/Sierra Hotel/workspace/module2/module2/node_modules/.staging/bcrypt-ebd02bac is being purged
181 verbose gentlyRm don't care about contents; nuking /Users/Sierra Hotel/workspace/module2/module2/node_modules/.staging/bcrypt-ebd02bac
182 silly gunzTarPerm modes [ '755', '644' ]
183 silly gunzTarPerm modes [ '755', '644' ]
184 silly gunzTarPerm modes [ '755', '644' ]
185 silly gunzTarPerm extractEntry package.json
186 silly gunzTarPerm extractEntry package.json
187 silly gunzTarPerm modified mode [ 'package.json', 436, 420 ]
188 silly gunzTarPerm extractEntry package.json
189 silly gunzTarPerm extractEntry README.md
190 silly gunzTarPerm extractEntry bindings.js
191 silly gunzTarPerm extractEntry README.md
192 silly gunzTarPerm modified mode [ 'README.md', 436, 420 ]
193 silly gunzTarPerm extractEntry .npmignore
194 silly gunzTarPerm extractEntry README.md
195 silly gunzTarPerm extractEntry include_dirs.js
196 silly gunzTarPerm modified mode [ 'include_dirs.js', 436, 420 ]
197 silly gunzTarPerm extractEntry nan_converters.h
198 silly gunzTarPerm modified mode [ 'nan_converters.h', 436, 420 ]
199 silly gunzTarPerm extractEntry LICENSE.md
200 silly gunzTarPerm modified mode [ 'LICENSE.md', 436, 420 ]
201 silly gunzTarPerm extractEntry .dntrc
202 silly gunzTarPerm modified mode [ '.dntrc', 436, 420 ]
203 silly gunzTarPerm extractEntry LICENSE
204 silly gunzTarPerm extractEntry bcrypt.js
205 silly gunzTarPerm extractEntry appveyor.yml
206 silly gunzTarPerm modified mode [ 'appveyor.yml', 436, 420 ]
207 silly gunzTarPerm extractEntry binding.gyp
208 silly gunzTarPerm extractEntry doc/new.md
209 silly gunzTarPerm modified mode [ 'doc/new.md', 436, 420 ]
210 silly gunzTarPerm extractEntry doc/.build.sh
211 silly gunzTarPerm modified mode [ 'doc/.build.sh', 509, 493 ]
212 silly gunzTarPerm extractEntry .travis.yml
213 silly gunzTarPerm extractEntry CHANGELOG.md
214 silly gunzTarPerm extractEntry doc/buffers.md
215 silly gunzTarPerm modified mode [ 'doc/buffers.md', 436, 420 ]
216 silly gunzTarPerm extractEntry doc/callback.md
217 silly gunzTarPerm modified mode [ 'doc/callback.md', 436, 420 ]
218 silly gunzTarPerm extractEntry examples/async_compare.js
219 silly gunzTarPerm extractEntry examples/forever_gen_salt.js
220 silly gunzTarPerm extractEntry doc/converters.md
221 silly gunzTarPerm modified mode [ 'doc/converters.md', 436, 420 ]
222 silly gunzTarPerm extractEntry doc/errors.md
223 silly gunzTarPerm modified mode [ 'doc/errors.md', 436, 420 ]
224 silly gentlyRm /Users/Sierra Hotel/workspace/module2/module2/node_modules/.staging/bindings-4af267e7/node_modules is being purged
225 verbose gentlyRm don't care about contents; nuking /Users/Sierra Hotel/workspace/module2/module2/node_modules/.staging/bindings-4af267e7/node_modules
226 silly gunzTarPerm extractEntry test/async.js
227 silly gunzTarPerm extractEntry test/repetitions.js
228 silly gunzTarPerm extractEntry doc/maybe_types.md
229 silly gunzTarPerm modified mode [ 'doc/maybe_types.md', 436, 420 ]
230 silly gunzTarPerm extractEntry doc/methods.md
231 silly gunzTarPerm modified mode [ 'doc/methods.md', 436, 420 ]
232 silly gunzTarPerm extractEntry test/sync.js
233 silly gunzTarPerm extractEntry Makefile
234 silly gunzTarPerm extractEntry doc/asyncworker.md
235 silly gunzTarPerm modified mode [ 'doc/asyncworker.md', 436, 420 ]
236 silly gunzTarPerm extractEntry doc/node_misc.md
237 silly gunzTarPerm modified mode [ 'doc/node_misc.md', 436, 420 ]
238 silly gunzTarPerm extractEntry src/bcrypt.cc
239 silly gunzTarPerm extractEntry src/bcrypt_node.cc
240 silly gunzTarPerm extractEntry doc/persistent.md
241 silly gunzTarPerm modified mode [ 'doc/persistent.md', 436, 420 ]
242 silly gunzTarPerm extractEntry doc/scopes.md
243 silly gunzTarPerm modified mode [ 'doc/scopes.md', 436, 420 ]
244 silly gunzTarPerm extractEntry src/blowfish.cc
245 silly gunzTarPerm extractEntry src/node_blf.h
246 silly gunzTarPerm extractEntry doc/script.md
247 silly gunzTarPerm modified mode [ 'doc/script.md', 436, 420 ]
248 silly gunzTarPerm extractEntry doc/string_bytes.md
249 silly gunzTarPerm modified mode [ 'doc/string_bytes.md', 436, 420 ]
250 silly gunzTarPerm extractEntry werker.yml
251 silly gunzTarPerm extractEntry doc/v8_internals.md
252 silly gunzTarPerm modified mode [ 'doc/v8_internals.md', 436, 420 ]
253 silly gunzTarPerm extractEntry doc/v8_misc.md
254 silly gunzTarPerm modified mode [ 'doc/v8_misc.md', 436, 420 ]
255 silly gunzTarPerm extractEntry nan.h
256 silly gunzTarPerm modified mode [ 'nan.h', 436, 420 ]
257 silly gunzTarPerm extractEntry nan_callbacks.h
258 silly gunzTarPerm modified mode [ 'nan_callbacks.h', 436, 420 ]
259 silly gunzTarPerm extractEntry nan_callbacks_12_inl.h
260 silly gunzTarPerm modified mode [ 'nan_callbacks_12_inl.h', 436, 420 ]
261 silly gunzTarPerm extractEntry nan_callbacks_pre_12_inl.h
262 silly gunzTarPerm modified mode [ 'nan_callbacks_pre_12_inl.h', 436, 420 ]
263 silly gunzTarPerm extractEntry nan_converters_43_inl.h
264 silly gunzTarPerm modified mode [ 'nan_converters_43_inl.h', 436, 420 ]
265 silly gunzTarPerm extractEntry nan_converters_pre_43_inl.h
266 silly gunzTarPerm modified mode [ 'nan_converters_pre_43_inl.h', 436, 420 ]
267 silly gunzTarPerm extractEntry nan_implementation_12_inl.h
268 silly gunzTarPerm modified mode [ 'nan_implementation_12_inl.h', 436, 420 ]
269 silly gunzTarPerm extractEntry nan_implementation_pre_12_inl.h
270 silly gunzTarPerm modified mode [ 'nan_implementation_pre_12_inl.h', 436, 420 ]
271 silly gunzTarPerm extractEntry nan_maybe_43_inl.h
272 silly gunzTarPerm modified mode [ 'nan_maybe_43_inl.h', 436, 420 ]
273 silly gunzTarPerm extractEntry nan_maybe_pre_43_inl.h
274 silly gunzTarPerm modified mode [ 'nan_maybe_pre_43_inl.h', 436, 420 ]
275 silly gunzTarPerm extractEntry nan_new.h
276 silly gunzTarPerm modified mode [ 'nan_new.h', 436, 420 ]
277 silly gunzTarPerm extractEntry nan_object_wrap.h
278 silly gunzTarPerm modified mode [ 'nan_object_wrap.h', 436, 420 ]
279 silly gunzTarPerm extractEntry nan_persistent_12_inl.h
280 silly gunzTarPerm modified mode [ 'nan_persistent_12_inl.h', 436, 420 ]
281 silly gunzTarPerm extractEntry nan_persistent_pre_12_inl.h
282 silly gunzTarPerm modified mode [ 'nan_persistent_pre_12_inl.h', 436, 420 ]
283 silly gunzTarPerm extractEntry nan_string_bytes.h
284 silly gunzTarPerm modified mode [ 'nan_string_bytes.h', 436, 420 ]
285 silly gunzTarPerm extractEntry nan_weak.h
286 silly gunzTarPerm modified mode [ 'nan_weak.h', 436, 420 ]
287 silly gunzTarPerm extractEntry CHANGELOG.md
288 silly gunzTarPerm modified mode [ 'CHANGELOG.md', 436, 420 ]
289 silly gunzTarPerm extractEntry tools/package.json
290 silly gunzTarPerm modified mode [ 'tools/package.json', 436, 420 ]
291 silly gunzTarPerm extractEntry tools/README.md
292 silly gunzTarPerm modified mode [ 'tools/README.md', 436, 420 ]
293 silly gunzTarPerm extractEntry tools/1to2.js
294 silly gunzTarPerm modified mode [ 'tools/1to2.js', 509, 493 ]
295 silly gentlyRm /Users/Sierra Hotel/workspace/module2/module2/node_modules/.staging/bcrypt-ebd02bac/node_modules is being purged
296 verbose gentlyRm don't care about contents; nuking /Users/Sierra Hotel/workspace/module2/module2/node_modules/.staging/bcrypt-ebd02bac/node_modules
297 silly gentlyRm /Users/Sierra Hotel/workspace/module2/module2/node_modules/.staging/nan-f09cf72d/node_modules is being purged
298 verbose gentlyRm don't care about contents; nuking /Users/Sierra Hotel/workspace/module2/module2/node_modules/.staging/nan-f09cf72d/node_modules
299 silly doParallel preinstall 3
300 silly preinstall bindings@1.2.1 /Users/Sierra Hotel/workspace/module2/module2/node_modules/.staging/bindings-4af267e7
301 info lifecycle bindings@1.2.1~preinstall: bindings@1.2.1
302 silly preinstall nan@2.0.5 /Users/Sierra Hotel/workspace/module2/module2/node_modules/.staging/nan-f09cf72d
303 info lifecycle nan@2.0.5~preinstall: nan@2.0.5
304 silly preinstall bcrypt@0.8.5 /Users/Sierra Hotel/workspace/module2/module2/node_modules/.staging/bcrypt-ebd02bac
305 info lifecycle bcrypt@0.8.5~preinstall: bcrypt@0.8.5
306 silly lifecycle bindings@1.2.1~preinstall: no script for preinstall, continuing
307 silly lifecycle nan@2.0.5~preinstall: no script for preinstall, continuing
308 silly lifecycle bcrypt@0.8.5~preinstall: no script for preinstall, continuing
309 silly doReverseSerial remove 0
310 silly doSerial move 0
311 silly doSerial finalize 3
312 silly finalize /Users/Sierra Hotel/workspace/module2/module2/node_modules/bindings
313 silly finalize /Users/Sierra Hotel/workspace/module2/module2/node_modules/nan
314 silly finalize /Users/Sierra Hotel/workspace/module2/module2/node_modules/bcrypt
315 silly doSerial build 3
316 silly build bindings@1.2.1
317 info linkStuff bindings@1.2.1
318 silly linkStuff bindings@1.2.1 has /Users/Sierra Hotel/workspace/module2/module2/node_modules as its parent node_modules
319 verbose linkBins bindings@1.2.1
320 verbose linkMans bindings@1.2.1
321 silly build nan@2.0.5
322 info linkStuff nan@2.0.5
323 silly linkStuff nan@2.0.5 has /Users/Sierra Hotel/workspace/module2/module2/node_modules as its parent node_modules
324 verbose linkBins nan@2.0.5
325 verbose linkMans nan@2.0.5
326 silly build bcrypt@0.8.5
327 info linkStuff bcrypt@0.8.5
328 silly linkStuff bcrypt@0.8.5 has /Users/Sierra Hotel/workspace/module2/module2/node_modules as its parent node_modules
329 verbose linkBins bcrypt@0.8.5
330 verbose linkMans bcrypt@0.8.5
331 silly doSerial global-link 0
332 silly doParallel update-linked 0
333 silly doSerial install 3
334 silly install bindings@1.2.1 /Users/Sierra Hotel/workspace/module2/module2/node_modules/.staging/bindings-4af267e7
335 info lifecycle bindings@1.2.1~install: bindings@1.2.1
336 silly lifecycle bindings@1.2.1~install: no script for install, continuing
337 silly install nan@2.0.5 /Users/Sierra Hotel/workspace/module2/module2/node_modules/.staging/nan-f09cf72d
338 info lifecycle nan@2.0.5~install: nan@2.0.5
339 silly lifecycle nan@2.0.5~install: no script for install, continuing
340 silly install bcrypt@0.8.5 /Users/Sierra Hotel/workspace/module2/module2/node_modules/.staging/bcrypt-ebd02bac
341 info lifecycle bcrypt@0.8.5~install: bcrypt@0.8.5
342 verbose lifecycle bcrypt@0.8.5~install: unsafe-perm in lifecycle true
343 verbose lifecycle bcrypt@0.8.5~install: PATH: /usr/local/lib/node_modules/npm/bin/node-gyp-bin:/Users/Sierra Hotel/workspace/module2/module2/node_modules/bcrypt/node_modules/.bin:/Users/Sierra Hotel/workspace/module2/module2/node_modules/.bin:/usr/local/bin:/usr/bin:/bin:/usr/sbin:/sbin:/usr/local/git/bin:/Users/Sierra Hotel/SDK/
344 verbose lifecycle bcrypt@0.8.5~install: CWD: /Users/Sierra Hotel/workspace/module2/module2/node_modules/bcrypt
345 silly lifecycle bcrypt@0.8.5~install: Args: [ '-c', 'node-gyp rebuild' ]
346 silly lifecycle bcrypt@0.8.5~install: Returned: code: 1  signal: null
347 info lifecycle bcrypt@0.8.5~install: Failed to exec install script
348 verbose unlock done using /Users/Sierra Hotel/.npm/_locks/staging-e34f6ca1df0e199b.lock for /Users/Sierra Hotel/workspace/module2/module2/node_modules/.staging
349 silly rollbackFailedOptional Starting
350 silly rollbackFailedOptional Finishing
351 silly runTopLevelLifecycles Starting
352 silly runTopLevelLifecycles Finishing
353 silly install printInstalled
354 verbose stack Error: bcrypt@0.8.5 install: `node-gyp rebuild`
354 verbose stack Exit status 1
354 verbose stack     at EventEmitter.<anonymous> (/usr/local/lib/node_modules/npm/lib/utils/lifecycle.js:232:16)
354 verbose stack     at emitTwo (events.js:87:13)
354 verbose stack     at EventEmitter.emit (events.js:172:7)
354 verbose stack     at ChildProcess.<anonymous> (/usr/local/lib/node_modules/npm/lib/utils/spawn.js:24:14)
354 verbose stack     at emitTwo (events.js:87:13)
354 verbose stack     at ChildProcess.emit (events.js:172:7)
354 verbose stack     at maybeClose (internal/child_process.js:821:16)
354 verbose stack     at Process.ChildProcess._handle.onexit (internal/child_process.js:211:5)
355 verbose pkgid bcrypt@0.8.5
356 verbose cwd /Users/Sierra Hotel/workspace/module2/module2
357 error Darwin 15.2.0
358 error argv "/usr/local/bin/node" "/usr/local/bin/npm" "install"
359 error node v5.4.1
360 error npm  v3.5.3
361 error code ELIFECYCLE
362 error bcrypt@0.8.5 install: `node-gyp rebuild`
362 error Exit status 1
363 error Failed at the bcrypt@0.8.5 install script 'node-gyp rebuild'.
363 error Make sure you have the latest version of node.js and npm installed.
363 error If you do, this is most likely a problem with the bcrypt package,
363 error not with npm itself.
363 error Tell the author that this fails on your system:
363 error     node-gyp rebuild
363 error You can get information on how to open an issue for this project with:
363 error     npm bugs bcrypt
363 error Or if that isn't available, you can get their info via:
363 error     npm owner ls bcrypt
363 error There is likely additional logging output above.
364 verbose exit [ 1, true ]
